<?xml version="1.0" encoding="UTF-8"?>
<testsuite xmlns:xsi="http://www.w3.org/2001/XMLSchema-instance" xsi:noNamespaceSchemaLocation="https://maven.apache.org/surefire/maven-surefire-plugin/xsd/surefire-test-report-3.0.xsd" version="3.0" name="com.example.CommunistDate.CommunistDateApplicationTests" time="10.919" tests="1" errors="0" skipped="0" failures="0">
  <properties>
[...]
</properties>
  <testcase name="contextLoads" classname="com.example.CommunistDate.CommunistDateApplicationTests" time="0.623">
    <system-out><![CDATA[Standard Commons Logging discovery in action with spring-jcl: please remove commons-logging.jar from classpath in order to avoid potential conflicts
14:45:39.420 [main] INFO org.springframework.test.context.support.AnnotationConfigContextLoaderUtils -- Could not detect default configuration classes for test class [com.example.CommunistDate.CommunistDateApplicationTests]: CommunistDateApplicationTests does not declare any static, non-private, non-final, nested classes annotated with @Configuration.
14:45:39.562 [main] INFO org.springframework.boot.test.context.SpringBootTestContextBootstrapper -- Found @SpringBootConfiguration com.example.CommunistDate.CommunistDateApplication for test class com.example.CommunistDate.CommunistDateApplicationTests
  .   ____          _            __ _ _
 /\\ / ___'_ __ _ _(_)_ __  __ _ \ \ \ \
( ( )\___ | '_ | '_| | '_ \/ _` | \ \ \ \
 \\/  ___)| |_)| | | | | || (_| |  ) ) ) )
  '  |____| .__|_| |_|_| |_\__, | / / / /
 =========|_|==============|___/=/_/_/_/

 :: Spring Boot ::                (v3.3.0)

2024-07-22T14:45:40.217+02:00 DEBUG 121248 --- [CommunistDate] [kground-preinit] o.h.v.i.xml.config.ValidationXmlParser   : Trying to load META-INF/validation.xml for XML based Validator configuration.
2024-07-22T14:45:40.233+02:00 DEBUG 121248 --- [CommunistDate] [kground-preinit] o.h.v.i.xml.config.ResourceLoaderHelper  : Trying to load META-INF/validation.xml via TCCL
2024-07-22T14:45:40.235+02:00 DEBUG 121248 --- [CommunistDate] [kground-preinit] o.h.v.i.xml.config.ResourceLoaderHelper  : Trying to load META-INF/validation.xml via Hibernate Validator's class loader
2024-07-22T14:45:40.236+02:00 DEBUG 121248 --- [CommunistDate] [kground-preinit] o.h.v.i.xml.config.ValidationXmlParser   : No META-INF/validation.xml found. Using annotation based configuration only.
2024-07-22T14:45:40.246+02:00 DEBUG 121248 --- [CommunistDate] [kground-preinit] o.h.v.i.e.resolver.TraversableResolvers  : Found jakarta.persistence.Persistence on classpath containing 'getPersistenceUtil'. Assuming JPA 2 environment. Trying to instantiate JPA aware TraversableResolver
2024-07-22T14:45:40.249+02:00 DEBUG 121248 --- [CommunistDate] [kground-preinit] o.h.v.i.e.resolver.TraversableResolvers  : Instantiated JPA aware TraversableResolver of type org.hibernate.validator.internal.engine.resolver.JPATraversableResolver.
2024-07-22T14:45:40.254+02:00  INFO 121248 --- [CommunistDate] [           main] c.e.C.CommunistDateApplicationTests      : Starting CommunistDateApplicationTests using Java 21.0.3 with PID 121248 (started by litmanen in /home/litmanen/becode-code/CommunistDate)
2024-07-22T14:45:40.256+02:00 DEBUG 121248 --- [CommunistDate] [           main] c.e.C.CommunistDateApplicationTests      : Running with Spring Boot v3.3.0, Spring v6.1.8
2024-07-22T14:45:40.257+02:00  INFO 121248 --- [CommunistDate] [           main] c.e.C.CommunistDateApplicationTests      : No active profile set, falling back to 1 default profile: "default"
2024-07-22T14:45:40.284+02:00 DEBUG 121248 --- [CommunistDate] [kground-preinit] .h.v.m.ResourceBundleMessageInterpolator : Loaded expression factory via original TCCL
2024-07-22T14:45:40.307+02:00 DEBUG 121248 --- [CommunistDate] [           main] o.s.w.c.s.GenericWebApplicationContext   : Refreshing org.springframework.web.context.support.GenericWebApplicationContext@596df867
2024-07-22T14:45:40.396+02:00 DEBUG 121248 --- [CommunistDate] [kground-preinit] .i.e.ValidatorFactoryConfigurationHelper : HV000252: Using org.hibernate.validator.internal.engine.DefaultPropertyNodeNameProvider as property node name provider.
2024-07-22T14:45:40.403+02:00 DEBUG 121248 --- [CommunistDate] [kground-preinit] .i.e.ValidatorFactoryConfigurationHelper : HV000234: Using org.hibernate.validator.messageinterpolation.ResourceBundleMessageInterpolator as ValidatorFactory-scoped message interpolator.
2024-07-22T14:45:40.404+02:00 DEBUG 121248 --- [CommunistDate] [kground-preinit] .i.e.ValidatorFactoryConfigurationHelper : HV000234: Using org.hibernate.validator.internal.engine.resolver.JPATraversableResolver as ValidatorFactory-scoped traversable resolver.
2024-07-22T14:45:40.405+02:00 DEBUG 121248 --- [CommunistDate] [kground-preinit] .i.e.ValidatorFactoryConfigurationHelper : HV000234: Using org.hibernate.validator.internal.util.ExecutableParameterNameProvider as ValidatorFactory-scoped parameter name provider.
2024-07-22T14:45:40.406+02:00 DEBUG 121248 --- [CommunistDate] [kground-preinit] .i.e.ValidatorFactoryConfigurationHelper : HV000234: Using org.hibernate.validator.internal.engine.DefaultClockProvider as ValidatorFactory-scoped clock provider.
2024-07-22T14:45:40.407+02:00 DEBUG 121248 --- [CommunistDate] [kground-preinit] .i.e.ValidatorFactoryConfigurationHelper : HV000234: Using org.hibernate.validator.internal.engine.scripting.DefaultScriptEvaluatorFactory as ValidatorFactory-scoped script evaluator factory.
2024-07-22T14:45:41.365+02:00  INFO 121248 --- [CommunistDate] [           main] .s.d.r.c.RepositoryConfigurationDelegate : Bootstrapping Spring Data JPA repositories in DEFAULT mode.
2024-07-22T14:45:41.464+02:00  INFO 121248 --- [CommunistDate] [           main] .s.d.r.c.RepositoryConfigurationDelegate : Finished Spring Data repository scanning in 86 ms. Found 5 JPA repository interfaces.
2024-07-22T14:45:42.251+02:00  INFO 121248 --- [CommunistDate] [           main] com.zaxxer.hikari.HikariDataSource       : HikariPool-1 - Starting...
2024-07-22T14:45:43.795+02:00  INFO 121248 --- [CommunistDate] [           main] com.zaxxer.hikari.pool.HikariPool        : HikariPool-1 - Added connection org.postgresql.jdbc.PgConnection@f882465
2024-07-22T14:45:43.797+02:00  INFO 121248 --- [CommunistDate] [           main] com.zaxxer.hikari.HikariDataSource       : HikariPool-1 - Start completed.
2024-07-22T14:45:43.849+02:00 DEBUG 121248 --- [CommunistDate] [           main] o.hibernate.jpa.internal.util.LogHelper  : PersistenceUnitInfo [
	name: default
	persistence provider classname: null
	classloader: jdk.internal.loader.ClassLoaders$AppClassLoader@4f2410ac
	excludeUnlistedClasses: true
	JTA datasource: null
	Non JTA datasource: HikariDataSource (HikariPool-1)
	Transaction type: RESOURCE_LOCAL
	PU root URL: file:/home/litmanen/becode-code/CommunistDate/target/test-classes/
	Shared Cache Mode: UNSPECIFIED
	Validation Mode: AUTO
	Jar files URLs []
	Managed classes names [
		com.example.CommunistDate.Chat.Chat
		com.example.CommunistDate.Likes.Like
		com.example.CommunistDate.Posts.Post
		com.example.CommunistDate.UserPreferences.UserPreferences
		com.example.CommunistDate.Users.User]
	Mapping files names []
	Properties []
2024-07-22T14:45:43.863+02:00 DEBUG 121248 --- [CommunistDate] [           main] o.h.i.internal.IntegratorServiceImpl     : Adding Integrator [org.hibernate.boot.beanvalidation.BeanValidationIntegrator].
2024-07-22T14:45:43.866+02:00 DEBUG 121248 --- [CommunistDate] [           main] o.h.i.internal.IntegratorServiceImpl     : Adding Integrator [org.hibernate.cache.internal.CollectionCacheInvalidator].
2024-07-22T14:45:43.912+02:00  INFO 121248 --- [CommunistDate] [           main] org.hibernate.Version                    : HHH000412: Hibernate ORM core version 6.5.2.Final
2024-07-22T14:45:43.914+02:00 DEBUG 121248 --- [CommunistDate] [           main] org.hibernate.cfg.Environment            : HHH000206: 'hibernate.properties' not found
2024-07-22T14:45:43.936+02:00 DEBUG 121248 --- [CommunistDate] [           main] org.hibernate.orm.idgen.factory          : Registering IdentifierGenerator strategy [uuid2] -> [org.hibernate.id.UUIDGenerator]
2024-07-22T14:45:43.937+02:00 DEBUG 121248 --- [CommunistDate] [           main] org.hibernate.orm.idgen.factory          : Registering IdentifierGenerator strategy [guid] -> [org.hibernate.id.GUIDGenerator]
2024-07-22T14:45:43.939+02:00 DEBUG 121248 --- [CommunistDate] [           main] org.hibernate.orm.idgen.factory          : Registering IdentifierGenerator strategy [uuid] -> [org.hibernate.id.UUIDHexGenerator]
2024-07-22T14:45:43.940+02:00 DEBUG 121248 --- [CommunistDate] [           main] org.hibernate.orm.idgen.factory          : Registering IdentifierGenerator strategy [uuid.hex] -> [org.hibernate.id.UUIDHexGenerator]
2024-07-22T14:45:43.940+02:00 DEBUG 121248 --- [CommunistDate] [           main] org.hibernate.orm.idgen.factory          : Registering IdentifierGenerator strategy [assigned] -> [org.hibernate.id.Assigned]
2024-07-22T14:45:43.942+02:00 DEBUG 121248 --- [CommunistDate] [           main] org.hibernate.orm.idgen.factory          : Registering IdentifierGenerator strategy [identity] -> [org.hibernate.id.IdentityGenerator]
2024-07-22T14:45:43.942+02:00 DEBUG 121248 --- [CommunistDate] [           main] org.hibernate.orm.idgen.factory          : Registering IdentifierGenerator strategy [select] -> [org.hibernate.id.SelectGenerator]
2024-07-22T14:45:43.944+02:00 DEBUG 121248 --- [CommunistDate] [           main] org.hibernate.orm.idgen.factory          : Registering IdentifierGenerator strategy [sequence] -> [org.hibernate.id.enhanced.SequenceStyleGenerator]
2024-07-22T14:45:43.945+02:00 DEBUG 121248 --- [CommunistDate] [           main] org.hibernate.orm.idgen.factory          : Registering IdentifierGenerator strategy [increment] -> [org.hibernate.id.IncrementGenerator]
2024-07-22T14:45:43.947+02:00 DEBUG 121248 --- [CommunistDate] [           main] org.hibernate.orm.idgen.factory          : Registering IdentifierGenerator strategy [foreign] -> [org.hibernate.id.ForeignGenerator]
2024-07-22T14:45:43.947+02:00 DEBUG 121248 --- [CommunistDate] [           main] org.hibernate.orm.idgen.factory          : Registering IdentifierGenerator strategy [enhanced-sequence] -> [org.hibernate.id.enhanced.SequenceStyleGenerator]
2024-07-22T14:45:43.948+02:00 DEBUG 121248 --- [CommunistDate] [           main] org.hibernate.orm.idgen.factory          : Registering IdentifierGenerator strategy [enhanced-table] -> [org.hibernate.id.enhanced.TableGenerator]
2024-07-22T14:45:43.955+02:00 DEBUG 121248 --- [CommunistDate] [           main] o.h.c.internal.RegionFactoryInitiator    : Cannot default RegionFactory based on registered strategies as `[]` RegionFactory strategies were registered
2024-07-22T14:45:43.957+02:00  INFO 121248 --- [CommunistDate] [           main] o.h.c.internal.RegionFactoryInitiator    : HHH000026: Second-level cache disabled
2024-07-22T14:45:44.034+02:00 DEBUG 121248 --- [CommunistDate] [           main] org.hibernate.type.BasicTypeRegistry     : Adding type registration boolean -> org.hibernate.type.BasicTypeReference@314b7945
2024-07-22T14:45:44.034+02:00 DEBUG 121248 --- [CommunistDate] [           main] org.hibernate.type.BasicTypeRegistry     : Adding type registration boolean -> org.hibernate.type.BasicTypeReference@314b7945
2024-07-22T14:45:44.035+02:00 DEBUG 121248 --- [CommunistDate] [           main] org.hibernate.type.BasicTypeRegistry     : Adding type registration java.lang.Boolean -> org.hibernate.type.BasicTypeReference@314b7945
2024-07-22T14:45:44.035+02:00 DEBUG 121248 --- [CommunistDate] [           main] org.hibernate.type.BasicTypeRegistry     : Adding type registration numeric_boolean -> org.hibernate.type.BasicTypeReference@32da97fd
2024-07-22T14:45:44.036+02:00 DEBUG 121248 --- [CommunistDate] [           main] org.hibernate.type.BasicTypeRegistry     : Adding type registration org.hibernate.type.NumericBooleanConverter -> org.hibernate.type.BasicTypeReference@32da97fd
2024-07-22T14:45:44.037+02:00 DEBUG 121248 --- [CommunistDate] [           main] org.hibernate.type.BasicTypeRegistry     : Adding type registration true_false -> org.hibernate.type.BasicTypeReference@64440065
2024-07-22T14:45:44.039+02:00 DEBUG 121248 --- [CommunistDate] [           main] org.hibernate.type.BasicTypeRegistry     : Adding type registration org.hibernate.type.TrueFalseConverter -> org.hibernate.type.BasicTypeReference@64440065
2024-07-22T14:45:44.040+02:00 DEBUG 121248 --- [CommunistDate] [           main] org.hibernate.type.BasicTypeRegistry     : Adding type registration yes_no -> org.hibernate.type.BasicTypeReference@4aa22cc2
2024-07-22T14:45:44.040+02:00 DEBUG 121248 --- [CommunistDate] [           main] org.hibernate.type.BasicTypeRegistry     : Adding type registration org.hibernate.type.YesNoConverter -> org.hibernate.type.BasicTypeReference@4aa22cc2
2024-07-22T14:45:44.041+02:00 DEBUG 121248 --- [CommunistDate] [           main] org.hibernate.type.BasicTypeRegistry     : Adding type registration byte -> org.hibernate.type.BasicTypeReference@2049e582
2024-07-22T14:45:44.041+02:00 DEBUG 121248 --- [CommunistDate] [           main] org.hibernate.type.BasicTypeRegistry     : Adding type registration byte -> org.hibernate.type.BasicTypeReference@2049e582
2024-07-22T14:45:44.042+02:00 DEBUG 121248 --- [CommunistDate] [           main] org.hibernate.type.BasicTypeRegistry     : Adding type registration java.lang.Byte -> org.hibernate.type.BasicTypeReference@2049e582
2024-07-22T14:45:44.043+02:00 DEBUG 121248 --- [CommunistDate] [           main] org.hibernate.type.BasicTypeRegistry     : Adding type registration binary -> org.hibernate.type.BasicTypeReference@464aeb09
2024-07-22T14:45:44.044+02:00 DEBUG 121248 --- [CommunistDate] [           main] org.hibernate.type.BasicTypeRegistry     : Adding type registration byte[] -> org.hibernate.type.BasicTypeReference@464aeb09
2024-07-22T14:45:44.044+02:00 DEBUG 121248 --- [CommunistDate] [           main] org.hibernate.type.BasicTypeRegistry     : Adding type registration [B -> org.hibernate.type.BasicTypeReference@464aeb09
2024-07-22T14:45:44.045+02:00 DEBUG 121248 --- [CommunistDate] [           main] org.hibernate.type.BasicTypeRegistry     : Adding type registration binary_wrapper -> org.hibernate.type.BasicTypeReference@2c99c8d
2024-07-22T14:45:44.046+02:00 DEBUG 121248 --- [CommunistDate] [           main] org.hibernate.type.BasicTypeRegistry     : Adding type registration wrapper-binary -> org.hibernate.type.BasicTypeReference@2c99c8d
2024-07-22T14:45:44.047+02:00 DEBUG 121248 --- [CommunistDate] [           main] org.hibernate.type.BasicTypeRegistry     : Adding type registration image -> org.hibernate.type.BasicTypeReference@59d6642a
2024-07-22T14:45:44.048+02:00 DEBUG 121248 --- [CommunistDate] [           main] org.hibernate.type.BasicTypeRegistry     : Adding type registration blob -> org.hibernate.type.BasicTypeReference@365cef67
2024-07-22T14:45:44.048+02:00 DEBUG 121248 --- [CommunistDate] [           main] org.hibernate.type.BasicTypeRegistry     : Adding type registration java.sql.Blob -> org.hibernate.type.BasicTypeReference@365cef67
2024-07-22T14:45:44.049+02:00 DEBUG 121248 --- [CommunistDate] [           main] org.hibernate.type.BasicTypeRegistry     : Adding type registration materialized_blob -> org.hibernate.type.BasicTypeReference@27df5806
2024-07-22T14:45:44.050+02:00 DEBUG 121248 --- [CommunistDate] [           main] org.hibernate.type.BasicTypeRegistry     : Adding type registration materialized_blob_wrapper -> org.hibernate.type.BasicTypeReference@69bc9584
2024-07-22T14:45:44.051+02:00 DEBUG 121248 --- [CommunistDate] [           main] org.hibernate.type.BasicTypeRegistry     : Adding type registration short -> org.hibernate.type.BasicTypeReference@3214bad
2024-07-22T14:45:44.051+02:00 DEBUG 121248 --- [CommunistDate] [           main] org.hibernate.type.BasicTypeRegistry     : Adding type registration short -> org.hibernate.type.BasicTypeReference@3214bad
2024-07-22T14:45:44.052+02:00 DEBUG 121248 --- [CommunistDate] [           main] org.hibernate.type.BasicTypeRegistry     : Adding type registration java.lang.Short -> org.hibernate.type.BasicTypeReference@3214bad
2024-07-22T14:45:44.052+02:00 DEBUG 121248 --- [CommunistDate] [           main] org.hibernate.type.BasicTypeRegistry     : Adding type registration integer -> org.hibernate.type.BasicTypeReference@52d7ab79
2024-07-22T14:45:44.053+02:00 DEBUG 121248 --- [CommunistDate] [           main] org.hibernate.type.BasicTypeRegistry     : Adding type registration int -> org.hibernate.type.BasicTypeReference@52d7ab79
2024-07-22T14:45:44.054+02:00 DEBUG 121248 --- [CommunistDate] [           main] org.hibernate.type.BasicTypeRegistry     : Adding type registration java.lang.Integer -> org.hibernate.type.BasicTypeReference@52d7ab79
2024-07-22T14:45:44.055+02:00 DEBUG 121248 --- [CommunistDate] [           main] org.hibernate.type.BasicTypeRegistry     : Adding type registration long -> org.hibernate.type.BasicTypeReference@f95d64d
2024-07-22T14:45:44.055+02:00 DEBUG 121248 --- [CommunistDate] [           main] org.hibernate.type.BasicTypeRegistry     : Adding type registration long -> org.hibernate.type.BasicTypeReference@f95d64d
2024-07-22T14:45:44.056+02:00 DEBUG 121248 --- [CommunistDate] [           main] org.hibernate.type.BasicTypeRegistry     : Adding type registration java.lang.Long -> org.hibernate.type.BasicTypeReference@f95d64d
2024-07-22T14:45:44.056+02:00 DEBUG 121248 --- [CommunistDate] [           main] org.hibernate.type.BasicTypeRegistry     : Adding type registration float -> org.hibernate.type.BasicTypeReference@288728e
2024-07-22T14:45:44.056+02:00 DEBUG 121248 --- [CommunistDate] [           main] org.hibernate.type.BasicTypeRegistry     : Adding type registration float -> org.hibernate.type.BasicTypeReference@288728e
2024-07-22T14:45:44.056+02:00 DEBUG 121248 --- [CommunistDate] [           main] org.hibernate.type.BasicTypeRegistry     : Adding type registration java.lang.Float -> org.hibernate.type.BasicTypeReference@288728e
2024-07-22T14:45:44.057+02:00 DEBUG 121248 --- [CommunistDate] [           main] org.hibernate.type.BasicTypeRegistry     : Adding type registration double -> org.hibernate.type.BasicTypeReference@b7d2d51
2024-07-22T14:45:44.058+02:00 DEBUG 121248 --- [CommunistDate] [           main] org.hibernate.type.BasicTypeRegistry     : Adding type registration double -> org.hibernate.type.BasicTypeReference@b7d2d51
2024-07-22T14:45:44.058+02:00 DEBUG 121248 --- [CommunistDate] [           main] org.hibernate.type.BasicTypeRegistry     : Adding type registration java.lang.Double -> org.hibernate.type.BasicTypeReference@b7d2d51
2024-07-22T14:45:44.059+02:00 DEBUG 121248 --- [CommunistDate] [           main] org.hibernate.type.BasicTypeRegistry     : Adding type registration big_integer -> org.hibernate.type.BasicTypeReference@641ed324
2024-07-22T14:45:44.059+02:00 DEBUG 121248 --- [CommunistDate] [           main] org.hibernate.type.BasicTypeRegistry     : Adding type registration java.math.BigInteger -> org.hibernate.type.BasicTypeReference@641ed324
2024-07-22T14:45:44.059+02:00 DEBUG 121248 --- [CommunistDate] [           main] org.hibernate.type.BasicTypeRegistry     : Adding type registration big_decimal -> org.hibernate.type.BasicTypeReference@45984654
2024-07-22T14:45:44.060+02:00 DEBUG 121248 --- [CommunistDate] [           main] org.hibernate.type.BasicTypeRegistry     : Adding type registration java.math.BigDecimal -> org.hibernate.type.BasicTypeReference@45984654
2024-07-22T14:45:44.060+02:00 DEBUG 121248 --- [CommunistDate] [           main] org.hibernate.type.BasicTypeRegistry     : Adding type registration character -> org.hibernate.type.BasicTypeReference@4c5406b
2024-07-22T14:45:44.061+02:00 DEBUG 121248 --- [CommunistDate] [           main] org.hibernate.type.BasicTypeRegistry     : Adding type registration char -> org.hibernate.type.BasicTypeReference@4c5406b
2024-07-22T14:45:44.061+02:00 DEBUG 121248 --- [CommunistDate] [           main] org.hibernate.type.BasicTypeRegistry     : Adding type registration java.lang.Character -> org.hibernate.type.BasicTypeReference@4c5406b
2024-07-22T14:45:44.061+02:00 DEBUG 121248 --- [CommunistDate] [           main] org.hibernate.type.BasicTypeRegistry     : Adding type registration character_nchar -> org.hibernate.type.BasicTypeReference@66b0e207
2024-07-22T14:45:44.062+02:00 DEBUG 121248 --- [CommunistDate] [           main] org.hibernate.type.BasicTypeRegistry     : Adding type registration string -> org.hibernate.type.BasicTypeReference@74a58a06
2024-07-22T14:45:44.062+02:00 DEBUG 121248 --- [CommunistDate] [           main] org.hibernate.type.BasicTypeRegistry     : Adding type registration java.lang.String -> org.hibernate.type.BasicTypeReference@74a58a06
2024-07-22T14:45:44.062+02:00 DEBUG 121248 --- [CommunistDate] [           main] org.hibernate.type.BasicTypeRegistry     : Adding type registration nstring -> org.hibernate.type.BasicTypeReference@7308c820
2024-07-22T14:45:44.063+02:00 DEBUG 121248 --- [CommunistDate] [           main] org.hibernate.type.BasicTypeRegistry     : Adding type registration characters -> org.hibernate.type.BasicTypeReference@5d601832
2024-07-22T14:45:44.063+02:00 DEBUG 121248 --- [CommunistDate] [           main] org.hibernate.type.BasicTypeRegistry     : Adding type registration char[] -> org.hibernate.type.BasicTypeReference@5d601832
2024-07-22T14:45:44.064+02:00 DEBUG 121248 --- [CommunistDate] [           main] org.hibernate.type.BasicTypeRegistry     : Adding type registration [C -> org.hibernate.type.BasicTypeReference@5d601832
2024-07-22T14:45:44.064+02:00 DEBUG 121248 --- [CommunistDate] [           main] org.hibernate.type.BasicTypeRegistry     : Adding type registration wrapper-characters -> org.hibernate.type.BasicTypeReference@3ca17943
2024-07-22T14:45:44.065+02:00 DEBUG 121248 --- [CommunistDate] [           main] org.hibernate.type.BasicTypeRegistry     : Adding type registration text -> org.hibernate.type.BasicTypeReference@640c216b
2024-07-22T14:45:44.066+02:00 DEBUG 121248 --- [CommunistDate] [           main] org.hibernate.type.BasicTypeRegistry     : Adding type registration ntext -> org.hibernate.type.BasicTypeReference@5170bc02
2024-07-22T14:45:44.067+02:00 DEBUG 121248 --- [CommunistDate] [           main] org.hibernate.type.BasicTypeRegistry     : Adding type registration clob -> org.hibernate.type.BasicTypeReference@c0c8f96
2024-07-22T14:45:44.067+02:00 DEBUG 121248 --- [CommunistDate] [           main] org.hibernate.type.BasicTypeRegistry     : Adding type registration java.sql.Clob -> org.hibernate.type.BasicTypeReference@c0c8f96
2024-07-22T14:45:44.068+02:00 DEBUG 121248 --- [CommunistDate] [           main] org.hibernate.type.BasicTypeRegistry     : Adding type registration nclob -> org.hibernate.type.BasicTypeReference@3bd08435
2024-07-22T14:45:44.069+02:00 DEBUG 121248 --- [CommunistDate] [           main] org.hibernate.type.BasicTypeRegistry     : Adding type registration java.sql.NClob -> org.hibernate.type.BasicTypeReference@3bd08435
2024-07-22T14:45:44.069+02:00 DEBUG 121248 --- [CommunistDate] [           main] org.hibernate.type.BasicTypeRegistry     : Adding type registration materialized_clob -> org.hibernate.type.BasicTypeReference@3e52ed5d
2024-07-22T14:45:44.069+02:00 DEBUG 121248 --- [CommunistDate] [           main] org.hibernate.type.BasicTypeRegistry     : Adding type registration materialized_clob_char_array -> org.hibernate.type.BasicTypeReference@6a96d639
2024-07-22T14:45:44.070+02:00 DEBUG 121248 --- [CommunistDate] [           main] org.hibernate.type.BasicTypeRegistry     : Adding type registration materialized_clob_character_array -> org.hibernate.type.BasicTypeReference@28e94c2
2024-07-22T14:45:44.070+02:00 DEBUG 121248 --- [CommunistDate] [           main] org.hibernate.type.BasicTypeRegistry     : Adding type registration materialized_nclob -> org.hibernate.type.BasicTypeReference@3d40498a
2024-07-22T14:45:44.070+02:00 DEBUG 121248 --- [CommunistDate] [           main] org.hibernate.type.BasicTypeRegistry     : Adding type registration materialized_nclob_character_array -> org.hibernate.type.BasicTypeReference@14d1737a
2024-07-22T14:45:44.070+02:00 DEBUG 121248 --- [CommunistDate] [           main] org.hibernate.type.BasicTypeRegistry     : Adding type registration materialized_nclob_char_array -> org.hibernate.type.BasicTypeReference@482a58c7
2024-07-22T14:45:44.071+02:00 DEBUG 121248 --- [CommunistDate] [           main] org.hibernate.type.BasicTypeRegistry     : Adding type registration Duration -> org.hibernate.type.BasicTypeReference@3e74fd84
2024-07-22T14:45:44.071+02:00 DEBUG 121248 --- [CommunistDate] [           main] org.hibernate.type.BasicTypeRegistry     : Adding type registration java.time.Duration -> org.hibernate.type.BasicTypeReference@3e74fd84
2024-07-22T14:45:44.071+02:00 DEBUG 121248 --- [CommunistDate] [           main] org.hibernate.type.BasicTypeRegistry     : Adding type registration LocalDateTime -> org.hibernate.type.BasicTypeReference@147efd9
2024-07-22T14:45:44.072+02:00 DEBUG 121248 --- [CommunistDate] [           main] org.hibernate.type.BasicTypeRegistry     : Adding type registration java.time.LocalDateTime -> org.hibernate.type.BasicTypeReference@147efd9
2024-07-22T14:45:44.072+02:00 DEBUG 121248 --- [CommunistDate] [           main] org.hibernate.type.BasicTypeRegistry     : Adding type registration LocalDate -> org.hibernate.type.BasicTypeReference@1e120628
2024-07-22T14:45:44.072+02:00 DEBUG 121248 --- [CommunistDate] [           main] org.hibernate.type.BasicTypeRegistry     : Adding type registration java.time.LocalDate -> org.hibernate.type.BasicTypeReference@1e120628
2024-07-22T14:45:44.073+02:00 DEBUG 121248 --- [CommunistDate] [           main] org.hibernate.type.BasicTypeRegistry     : Adding type registration LocalTime -> org.hibernate.type.BasicTypeReference@4e4894d
2024-07-22T14:45:44.073+02:00 DEBUG 121248 --- [CommunistDate] [           main] org.hibernate.type.BasicTypeRegistry     : Adding type registration java.time.LocalTime -> org.hibernate.type.BasicTypeReference@4e4894d
2024-07-22T14:45:44.074+02:00 DEBUG 121248 --- [CommunistDate] [           main] org.hibernate.type.BasicTypeRegistry     : Adding type registration OffsetDateTime -> org.hibernate.type.BasicTypeReference@1de5cc88
2024-07-22T14:45:44.074+02:00 DEBUG 121248 --- [CommunistDate] [           main] org.hibernate.type.BasicTypeRegistry     : Adding type registration java.time.OffsetDateTime -> org.hibernate.type.BasicTypeReference@1de5cc88
2024-07-22T14:45:44.074+02:00 DEBUG 121248 --- [CommunistDate] [           main] org.hibernate.type.BasicTypeRegistry     : Adding type registration OffsetDateTimeWithTimezone -> org.hibernate.type.BasicTypeReference@23e2c1ca
2024-07-22T14:45:44.075+02:00 DEBUG 121248 --- [CommunistDate] [           main] org.hibernate.type.BasicTypeRegistry     : Adding type registration OffsetDateTimeWithoutTimezone -> org.hibernate.type.BasicTypeReference@2d4fb0d8
2024-07-22T14:45:44.075+02:00 DEBUG 121248 --- [CommunistDate] [           main] org.hibernate.type.BasicTypeRegistry     : Adding type registration OffsetTime -> org.hibernate.type.BasicTypeReference@dc1fadd
2024-07-22T14:45:44.075+02:00 DEBUG 121248 --- [CommunistDate] [           main] org.hibernate.type.BasicTypeRegistry     : Adding type registration java.time.OffsetTime -> org.hibernate.type.BasicTypeReference@dc1fadd
2024-07-22T14:45:44.076+02:00 DEBUG 121248 --- [CommunistDate] [           main] org.hibernate.type.BasicTypeRegistry     : Adding type registration OffsetTimeUtc -> org.hibernate.type.BasicTypeReference@3ef3f661
2024-07-22T14:45:44.076+02:00 DEBUG 121248 --- [CommunistDate] [           main] org.hibernate.type.BasicTypeRegistry     : Adding type registration OffsetTimeWithTimezone -> org.hibernate.type.BasicTypeReference@baa9ce4
2024-07-22T14:45:44.076+02:00 DEBUG 121248 --- [CommunistDate] [           main] org.hibernate.type.BasicTypeRegistry     : Adding type registration OffsetTimeWithoutTimezone -> org.hibernate.type.BasicTypeReference@5b332439
2024-07-22T14:45:44.077+02:00 DEBUG 121248 --- [CommunistDate] [           main] org.hibernate.type.BasicTypeRegistry     : Adding type registration ZonedDateTime -> org.hibernate.type.BasicTypeReference@59262a90
2024-07-22T14:45:44.077+02:00 DEBUG 121248 --- [CommunistDate] [           main] org.hibernate.type.BasicTypeRegistry     : Adding type registration java.time.ZonedDateTime -> org.hibernate.type.BasicTypeReference@59262a90
2024-07-22T14:45:44.077+02:00 DEBUG 121248 --- [CommunistDate] [           main] org.hibernate.type.BasicTypeRegistry     : Adding type registration ZonedDateTimeWithTimezone -> org.hibernate.type.BasicTypeReference@78479f2b
2024-07-22T14:45:44.078+02:00 DEBUG 121248 --- [CommunistDate] [           main] org.hibernate.type.BasicTypeRegistry     : Adding type registration ZonedDateTimeWithoutTimezone -> org.hibernate.type.BasicTypeReference@2755617b
2024-07-22T14:45:44.078+02:00 DEBUG 121248 --- [CommunistDate] [           main] org.hibernate.type.BasicTypeRegistry     : Adding type registration date -> org.hibernate.type.BasicTypeReference@65859b44
2024-07-22T14:45:44.079+02:00 DEBUG 121248 --- [CommunistDate] [           main] org.hibernate.type.BasicTypeRegistry     : Adding type registration java.sql.Date -> org.hibernate.type.BasicTypeReference@65859b44
2024-07-22T14:45:44.079+02:00 DEBUG 121248 --- [CommunistDate] [           main] org.hibernate.type.BasicTypeRegistry     : Adding type registration time -> org.hibernate.type.BasicTypeReference@d9f5fce
2024-07-22T14:45:44.079+02:00 DEBUG 121248 --- [CommunistDate] [           main] org.hibernate.type.BasicTypeRegistry     : Adding type registration java.sql.Time -> org.hibernate.type.BasicTypeReference@d9f5fce
2024-07-22T14:45:44.080+02:00 DEBUG 121248 --- [CommunistDate] [           main] org.hibernate.type.BasicTypeRegistry     : Adding type registration timestamp -> org.hibernate.type.BasicTypeReference@49653791
2024-07-22T14:45:44.081+02:00 DEBUG 121248 --- [CommunistDate] [           main] org.hibernate.type.BasicTypeRegistry     : Adding type registration java.sql.Timestamp -> org.hibernate.type.BasicTypeReference@49653791
2024-07-22T14:45:44.082+02:00 DEBUG 121248 --- [CommunistDate] [           main] org.hibernate.type.BasicTypeRegistry     : Adding type registration java.util.Date -> org.hibernate.type.BasicTypeReference@49653791
2024-07-22T14:45:44.082+02:00 DEBUG 121248 --- [CommunistDate] [           main] org.hibernate.type.BasicTypeRegistry     : Adding type registration calendar -> org.hibernate.type.BasicTypeReference@45b7c97f
2024-07-22T14:45:44.083+02:00 DEBUG 121248 --- [CommunistDate] [           main] org.hibernate.type.BasicTypeRegistry     : Adding type registration java.util.Calendar -> org.hibernate.type.BasicTypeReference@45b7c97f
2024-07-22T14:45:44.083+02:00 DEBUG 121248 --- [CommunistDate] [           main] org.hibernate.type.BasicTypeRegistry     : Adding type registration java.util.GregorianCalendar -> org.hibernate.type.BasicTypeReference@45b7c97f
2024-07-22T14:45:44.085+02:00 DEBUG 121248 --- [CommunistDate] [           main] org.hibernate.type.BasicTypeRegistry     : Adding type registration calendar_date -> org.hibernate.type.BasicTypeReference@c212536
2024-07-22T14:45:44.086+02:00 DEBUG 121248 --- [CommunistDate] [           main] org.hibernate.type.BasicTypeRegistry     : Adding type registration calendar_time -> org.hibernate.type.BasicTypeReference@1b0e031b
2024-07-22T14:45:44.086+02:00 DEBUG 121248 --- [CommunistDate] [           main] org.hibernate.type.BasicTypeRegistry     : Adding type registration instant -> org.hibernate.type.BasicTypeReference@6009cd34
2024-07-22T14:45:44.087+02:00 DEBUG 121248 --- [CommunistDate] [           main] org.hibernate.type.BasicTypeRegistry     : Adding type registration java.time.Instant -> org.hibernate.type.BasicTypeReference@6009cd34
2024-07-22T14:45:44.087+02:00 DEBUG 121248 --- [CommunistDate] [           main] org.hibernate.type.BasicTypeRegistry     : Adding type registration uuid -> org.hibernate.type.BasicTypeReference@65844c96
2024-07-22T14:45:44.088+02:00 DEBUG 121248 --- [CommunistDate] [           main] org.hibernate.type.BasicTypeRegistry     : Adding type registration java.util.UUID -> org.hibernate.type.BasicTypeReference@65844c96
2024-07-22T14:45:44.088+02:00 DEBUG 121248 --- [CommunistDate] [           main] org.hibernate.type.BasicTypeRegistry     : Adding type registration pg-uuid -> org.hibernate.type.BasicTypeReference@65844c96
2024-07-22T14:45:44.089+02:00 DEBUG 121248 --- [CommunistDate] [           main] org.hibernate.type.BasicTypeRegistry     : Adding type registration uuid-binary -> org.hibernate.type.BasicTypeReference@25214797
2024-07-22T14:45:44.089+02:00 DEBUG 121248 --- [CommunistDate] [           main] org.hibernate.type.BasicTypeRegistry     : Adding type registration uuid-char -> org.hibernate.type.BasicTypeReference@4e5c8ef3
2024-07-22T14:45:44.089+02:00 DEBUG 121248 --- [CommunistDate] [           main] org.hibernate.type.BasicTypeRegistry     : Adding type registration class -> org.hibernate.type.BasicTypeReference@60928a61
2024-07-22T14:45:44.089+02:00 DEBUG 121248 --- [CommunistDate] [           main] org.hibernate.type.BasicTypeRegistry     : Adding type registration java.lang.Class -> org.hibernate.type.BasicTypeReference@60928a61
2024-07-22T14:45:44.090+02:00 DEBUG 121248 --- [CommunistDate] [           main] org.hibernate.type.BasicTypeRegistry     : Adding type registration currency -> org.hibernate.type.BasicTypeReference@27358a19
2024-07-22T14:45:44.090+02:00 DEBUG 121248 --- [CommunistDate] [           main] org.hibernate.type.BasicTypeRegistry     : Adding type registration Currency -> org.hibernate.type.BasicTypeReference@27358a19
2024-07-22T14:45:44.090+02:00 DEBUG 121248 --- [CommunistDate] [           main] org.hibernate.type.BasicTypeRegistry     : Adding type registration java.util.Currency -> org.hibernate.type.BasicTypeReference@27358a19
2024-07-22T14:45:44.090+02:00 DEBUG 121248 --- [CommunistDate] [           main] org.hibernate.type.BasicTypeRegistry     : Adding type registration locale -> org.hibernate.type.BasicTypeReference@8077c97
2024-07-22T14:45:44.091+02:00 DEBUG 121248 --- [CommunistDate] [           main] org.hibernate.type.BasicTypeRegistry     : Adding type registration java.util.Locale -> org.hibernate.type.BasicTypeReference@8077c97
2024-07-22T14:45:44.091+02:00 DEBUG 121248 --- [CommunistDate] [           main] org.hibernate.type.BasicTypeRegistry     : Adding type registration serializable -> org.hibernate.type.BasicTypeReference@22865072
2024-07-22T14:45:44.092+02:00 DEBUG 121248 --- [CommunistDate] [           main] org.hibernate.type.BasicTypeRegistry     : Adding type registration java.io.Serializable -> org.hibernate.type.BasicTypeReference@22865072
2024-07-22T14:45:44.092+02:00 DEBUG 121248 --- [CommunistDate] [           main] org.hibernate.type.BasicTypeRegistry     : Adding type registration timezone -> org.hibernate.type.BasicTypeReference@563317c1
2024-07-22T14:45:44.093+02:00 DEBUG 121248 --- [CommunistDate] [           main] org.hibernate.type.BasicTypeRegistry     : Adding type registration java.util.TimeZone -> org.hibernate.type.BasicTypeReference@563317c1
2024-07-22T14:45:44.093+02:00 DEBUG 121248 --- [CommunistDate] [           main] org.hibernate.type.BasicTypeRegistry     : Adding type registration ZoneOffset -> org.hibernate.type.BasicTypeReference@5d5d3a5c
2024-07-22T14:45:44.094+02:00 DEBUG 121248 --- [CommunistDate] [           main] org.hibernate.type.BasicTypeRegistry     : Adding type registration java.time.ZoneOffset -> org.hibernate.type.BasicTypeReference@5d5d3a5c
2024-07-22T14:45:44.094+02:00 DEBUG 121248 --- [CommunistDate] [           main] org.hibernate.type.BasicTypeRegistry     : Adding type registration url -> org.hibernate.type.BasicTypeReference@6e0d16a4
2024-07-22T14:45:44.094+02:00 DEBUG 121248 --- [CommunistDate] [           main] org.hibernate.type.BasicTypeRegistry     : Adding type registration java.net.URL -> org.hibernate.type.BasicTypeReference@6e0d16a4
2024-07-22T14:45:44.095+02:00 DEBUG 121248 --- [CommunistDate] [           main] org.hibernate.type.BasicTypeRegistry     : Adding type registration vector -> org.hibernate.type.BasicTypeReference@7e18ced7
2024-07-22T14:45:44.095+02:00 DEBUG 121248 --- [CommunistDate] [           main] org.hibernate.type.BasicTypeRegistry     : Adding type registration row_version -> org.hibernate.type.BasicTypeReference@305b43ca
2024-07-22T14:45:44.105+02:00 DEBUG 121248 --- [CommunistDate] [           main] org.hibernate.type.BasicTypeRegistry     : Adding type registration object -> org.hibernate.type.JavaObjectType@9be7319
2024-07-22T14:45:44.105+02:00 DEBUG 121248 --- [CommunistDate] [           main] org.hibernate.type.BasicTypeRegistry     : Adding type registration java.lang.Object -> org.hibernate.type.JavaObjectType@9be7319
2024-07-22T14:45:44.106+02:00 DEBUG 121248 --- [CommunistDate] [           main] org.hibernate.type.BasicTypeRegistry     : Adding type registration null -> org.hibernate.type.NullType@51eb0e84
2024-07-22T14:45:44.107+02:00 DEBUG 121248 --- [CommunistDate] [           main] org.hibernate.type.BasicTypeRegistry     : Adding type registration imm_date -> org.hibernate.type.BasicTypeReference@4ce267cc
2024-07-22T14:45:44.107+02:00 DEBUG 121248 --- [CommunistDate] [           main] org.hibernate.type.BasicTypeRegistry     : Adding type registration imm_time -> org.hibernate.type.BasicTypeReference@2eebce87
2024-07-22T14:45:44.107+02:00 DEBUG 121248 --- [CommunistDate] [           main] org.hibernate.type.BasicTypeRegistry     : Adding type registration imm_timestamp -> org.hibernate.type.BasicTypeReference@6ee37ca7
2024-07-22T14:45:44.108+02:00 DEBUG 121248 --- [CommunistDate] [           main] org.hibernate.type.BasicTypeRegistry     : Adding type registration imm_calendar -> org.hibernate.type.BasicTypeReference@6775c0d1
2024-07-22T14:45:44.108+02:00 DEBUG 121248 --- [CommunistDate] [           main] org.hibernate.type.BasicTypeRegistry     : Adding type registration imm_calendar_date -> org.hibernate.type.BasicTypeReference@38f617f4
2024-07-22T14:45:44.108+02:00 DEBUG 121248 --- [CommunistDate] [           main] org.hibernate.type.BasicTypeRegistry     : Adding type registration imm_calendar_time -> org.hibernate.type.BasicTypeReference@4899799b
2024-07-22T14:45:44.108+02:00 DEBUG 121248 --- [CommunistDate] [           main] org.hibernate.type.BasicTypeRegistry     : Adding type registration imm_binary -> org.hibernate.type.BasicTypeReference@3dea226b
2024-07-22T14:45:44.108+02:00 DEBUG 121248 --- [CommunistDate] [           main] org.hibernate.type.BasicTypeRegistry     : Adding type registration imm_serializable -> org.hibernate.type.BasicTypeReference@74500e4f
2024-07-22T14:45:44.113+02:00 DEBUG 121248 --- [CommunistDate] [           main] o.h.boot.internal.BootstrapContextImpl   : Injecting JPA temp ClassLoader [org.springframework.instrument.classloading.SimpleThrowawayClassLoader@7cdb7fc] into BootstrapContext; was [null]
2024-07-22T14:45:44.113+02:00 DEBUG 121248 --- [CommunistDate] [           main] o.h.boot.internal.ClassLoaderAccessImpl  : ClassLoaderAccessImpl#injectTempClassLoader(org.springframework.instrument.classloading.SimpleThrowawayClassLoader@7cdb7fc) [was null]
2024-07-22T14:45:44.114+02:00 DEBUG 121248 --- [CommunistDate] [           main] o.h.boot.internal.BootstrapContextImpl   : Injecting ScanEnvironment [org.hibernate.jpa.boot.internal.StandardJpaScanEnvironmentImpl@5599b5bb] into BootstrapContext; was [null]
2024-07-22T14:45:44.115+02:00 DEBUG 121248 --- [CommunistDate] [           main] o.h.boot.internal.BootstrapContextImpl   : Injecting ScanOptions [org.hibernate.boot.archive.scan.internal.StandardScanOptions@4ff66917] into BootstrapContext; was [org.hibernate.boot.archive.scan.internal.StandardScanOptions@4264beb8]
2024-07-22T14:45:44.415+02:00  INFO 121248 --- [CommunistDate] [           main] o.s.o.j.p.SpringPersistenceUnitInfo      : No LoadTimeWeaver setup: ignoring JPA class transformer
2024-07-22T14:45:44.415+02:00 DEBUG 121248 --- [CommunistDate] [           main] o.h.boot.internal.BootstrapContextImpl   : Injecting JPA temp ClassLoader [null] into BootstrapContext; was [org.springframework.instrument.classloading.SimpleThrowawayClassLoader@7cdb7fc]
2024-07-22T14:45:44.415+02:00 DEBUG 121248 --- [CommunistDate] [           main] o.h.boot.internal.ClassLoaderAccessImpl  : ClassLoaderAccessImpl#injectTempClassLoader(null) [was org.springframework.instrument.classloading.SimpleThrowawayClassLoader@7cdb7fc]
2024-07-22T14:45:44.537+02:00 DEBUG 121248 --- [CommunistDate] [           main] o.h.e.j.e.i.JdbcEnvironmentInitiator     : Database ->
	   name : PostgreSQL
	version : 16.2
	  major : 16
	  minor : 2
2024-07-22T14:45:44.537+02:00 DEBUG 121248 --- [CommunistDate] [           main] o.h.e.j.e.i.JdbcEnvironmentInitiator     : Driver ->
	   name : PostgreSQL JDBC Driver
	version : 42.7.3
	  major : 42
	  minor : 7
2024-07-22T14:45:44.538+02:00 DEBUG 121248 --- [CommunistDate] [           main] o.h.e.j.e.i.JdbcEnvironmentInitiator     : JDBC version : 4.2
2024-07-22T14:45:44.777+02:00 DEBUG 121248 --- [CommunistDate] [           main] org.hibernate.orm.dialect                : HHH035001: Using dialect: org.hibernate.dialect.PostgreSQLDialect, version: 16.2
2024-07-22T14:45:44.783+02:00 DEBUG 121248 --- [CommunistDate] [           main] o.h.e.j.env.spi.IdentifierHelperBuilder  : JDBC driver metadata reported database stores quoted identifiers in neither upper, lower nor mixed case
2024-07-22T14:45:44.973+02:00 DEBUG 121248 --- [CommunistDate] [           main] org.hibernate.orm.jdbc.lob               : HHH10010004: Disabling contextual LOB creation as Dialect reported it is not supported
2024-07-22T14:45:44.984+02:00 DEBUG 121248 --- [CommunistDate] [           main] o.h.t.d.sql.spi.DdlTypeRegistry          : addDescriptor(2003, org.hibernate.type.descriptor.sql.internal.ArrayDdlTypeImpl@18faaff6) replaced previous registration(org.hibernate.type.descriptor.sql.internal.ArrayDdlTypeImpl@2a9e754e)
2024-07-22T14:45:44.984+02:00 DEBUG 121248 --- [CommunistDate] [           main] o.h.t.d.sql.spi.DdlTypeRegistry          : addDescriptor(6, org.hibernate.type.descriptor.sql.internal.CapacityDependentDdlType@760a2b6e) replaced previous registration(org.hibernate.type.descriptor.sql.internal.DdlTypeImpl@20a9f5fb)
2024-07-22T14:45:44.987+02:00 DEBUG 121248 --- [CommunistDate] [           main] o.h.t.d.jdbc.spi.JdbcTypeRegistry        : addDescriptor(2004, BlobTypeDescriptor(BLOB_BINDING)) replaced previous registration(BlobTypeDescriptor(DEFAULT))
2024-07-22T14:45:44.987+02:00 DEBUG 121248 --- [CommunistDate] [           main] o.h.t.d.jdbc.spi.JdbcTypeRegistry        : addDescriptor(2005, ClobTypeDescriptor(CLOB_BINDING)) replaced previous registration(ClobTypeDescriptor(DEFAULT))
2024-07-22T14:45:44.996+02:00 DEBUG 121248 --- [CommunistDate] [           main] org.hibernate.type.BasicTypeRegistry     : Adding type registration JAVA_OBJECT -> org.hibernate.type.JavaObjectType@56872fcb
2024-07-22T14:45:44.996+02:00 DEBUG 121248 --- [CommunistDate] [           main] org.hibernate.type.BasicTypeRegistry     : Adding type registration java.lang.Object -> org.hibernate.type.JavaObjectType@56872fcb
2024-07-22T14:45:44.997+02:00 DEBUG 121248 --- [CommunistDate] [           main] org.hibernate.type.BasicTypeRegistry     : Type registration key [java.lang.Object] overrode previous entry : `org.hibernate.type.JavaObjectType@9be7319`
2024-07-22T14:45:45.002+02:00 DEBUG 121248 --- [CommunistDate] [           main] org.hibernate.type.BasicTypeRegistry     : Adding type registration org.hibernate.type.DurationType -> basicType@1(java.time.Duration,3015)
2024-07-22T14:45:45.003+02:00 DEBUG 121248 --- [CommunistDate] [           main] org.hibernate.type.BasicTypeRegistry     : Adding type registration Duration -> basicType@1(java.time.Duration,3015)
2024-07-22T14:45:45.003+02:00 DEBUG 121248 --- [CommunistDate] [           main] org.hibernate.type.BasicTypeRegistry     : Adding type registration java.time.Duration -> basicType@1(java.time.Duration,3015)
2024-07-22T14:45:45.006+02:00 DEBUG 121248 --- [CommunistDate] [           main] org.hibernate.type.BasicTypeRegistry     : Adding type registration org.hibernate.type.OffsetDateTimeType -> basicType@2(java.time.OffsetDateTime,3003)
2024-07-22T14:45:45.006+02:00 DEBUG 121248 --- [CommunistDate] [           main] org.hibernate.type.BasicTypeRegistry     : Adding type registration OffsetDateTime -> basicType@2(java.time.OffsetDateTime,3003)
2024-07-22T14:45:45.007+02:00 DEBUG 121248 --- [CommunistDate] [           main] org.hibernate.type.BasicTypeRegistry     : Adding type registration java.time.OffsetDateTime -> basicType@2(java.time.OffsetDateTime,3003)
2024-07-22T14:45:45.007+02:00 DEBUG 121248 --- [CommunistDate] [           main] org.hibernate.type.BasicTypeRegistry     : Adding type registration org.hibernate.type.ZonedDateTimeType -> basicType@3(java.time.ZonedDateTime,3003)
2024-07-22T14:45:45.007+02:00 DEBUG 121248 --- [CommunistDate] [           main] org.hibernate.type.BasicTypeRegistry     : Adding type registration ZonedDateTime -> basicType@3(java.time.ZonedDateTime,3003)
2024-07-22T14:45:45.007+02:00 DEBUG 121248 --- [CommunistDate] [           main] org.hibernate.type.BasicTypeRegistry     : Adding type registration java.time.ZonedDateTime -> basicType@3(java.time.ZonedDateTime,3003)
2024-07-22T14:45:45.008+02:00 DEBUG 121248 --- [CommunistDate] [           main] org.hibernate.type.BasicTypeRegistry     : Adding type registration org.hibernate.type.OffsetTimeType -> basicType@4(java.time.OffsetTime,3007)
2024-07-22T14:45:45.008+02:00 DEBUG 121248 --- [CommunistDate] [           main] org.hibernate.type.BasicTypeRegistry     : Adding type registration OffsetTime -> basicType@4(java.time.OffsetTime,3007)
2024-07-22T14:45:45.009+02:00 DEBUG 121248 --- [CommunistDate] [           main] org.hibernate.type.BasicTypeRegistry     : Adding type registration java.time.OffsetTime -> basicType@4(java.time.OffsetTime,3007)
2024-07-22T14:45:45.010+02:00 DEBUG 121248 --- [CommunistDate] [           main] o.h.type.spi.TypeConfiguration$Scope     : Scoping TypeConfiguration [org.hibernate.type.spi.TypeConfiguration@6200b644] to MetadataBuildingContext [org.hibernate.boot.internal.MetadataBuildingContextRootImpl@d4ecdb0]
2024-07-22T14:45:45.045+02:00 DEBUG 121248 --- [CommunistDate] [           main] o.h.boot.model.relational.Namespace      : Created database namespace [logicalName=Name{catalog=null, schema=null}, physicalName=Name{catalog=null, schema=null}]
2024-07-22T14:45:45.072+02:00 DEBUG 121248 --- [CommunistDate] [           main] o.h.boot.model.internal.EntityBinder     : Binding entity from annotated class: com.example.CommunistDate.Chat.Chat
2024-07-22T14:45:45.079+02:00 DEBUG 121248 --- [CommunistDate] [           main] o.h.boot.model.internal.EntityBinder     : Import with entity name Chat
2024-07-22T14:45:45.089+02:00 DEBUG 121248 --- [CommunistDate] [           main] o.h.boot.model.internal.EntityBinder     : Bind entity com.example.CommunistDate.Chat.Chat on table chat
2024-07-22T14:45:45.099+02:00 DEBUG 121248 --- [CommunistDate] [           main] o.h.boot.model.internal.AnnotatedColumn  : Binding column: AnnotatedDiscriminatorColumn(column='DTYPE')
2024-07-22T14:45:45.125+02:00 DEBUG 121248 --- [CommunistDate] [           main] o.h.boot.model.internal.AnnotatedColumn  : Binding column: AnnotatedColumn(column='id')
2024-07-22T14:45:45.128+02:00 DEBUG 121248 --- [CommunistDate] [           main] o.h.boot.internal.ClassLoaderAccessImpl  : Not known whether passed class name [com.example.CommunistDate.Chat.Chat] is safe
2024-07-22T14:45:45.128+02:00 DEBUG 121248 --- [CommunistDate] [           main] o.h.boot.internal.ClassLoaderAccessImpl  : No temp ClassLoader provided; using live ClassLoader for loading potentially unsafe class : com.example.CommunistDate.Chat.Chat
2024-07-22T14:45:45.132+02:00 DEBUG 121248 --- [CommunistDate] [           main] o.h.boot.model.internal.PropertyBinder   : MetadataSourceProcessor property id with lazy=false
2024-07-22T14:45:45.136+02:00 DEBUG 121248 --- [CommunistDate] [           main] o.h.b.m.internal.AbstractPropertyHolder  : Attempting to locate auto-apply AttributeConverter for property [com.example.CommunistDate.Chat.Chat:id]
2024-07-22T14:45:45.141+02:00 DEBUG 121248 --- [CommunistDate] [           main] o.h.b.model.internal.BasicValueBinder    : building BasicValue for id
2024-07-22T14:45:45.144+02:00 DEBUG 121248 --- [CommunistDate] [           main] org.hibernate.mapping.BasicValue         : Skipping column re-registration: chat.id
2024-07-22T14:45:45.145+02:00 DEBUG 121248 --- [CommunistDate] [           main] o.h.boot.model.internal.PropertyBinder   : Building property id
2024-07-22T14:45:45.150+02:00 DEBUG 121248 --- [CommunistDate] [           main] o.h.boot.model.internal.BinderHelper     : #makeIdGenerator(BasicValue([Column(id)]), id, identity, , ...)
2024-07-22T14:45:45.155+02:00 DEBUG 121248 --- [CommunistDate] [           main] o.h.boot.model.internal.AnnotatedColumn  : Binding column: AnnotatedColumn(column='content')
2024-07-22T14:45:45.156+02:00 DEBUG 121248 --- [CommunistDate] [           main] o.h.boot.model.internal.PropertyBinder   : MetadataSourceProcessor property content with lazy=false
2024-07-22T14:45:45.156+02:00 DEBUG 121248 --- [CommunistDate] [           main] o.h.b.m.internal.AbstractPropertyHolder  : Attempting to locate auto-apply AttributeConverter for property [com.example.CommunistDate.Chat.Chat:content]
2024-07-22T14:45:45.156+02:00 DEBUG 121248 --- [CommunistDate] [           main] o.h.b.model.internal.BasicValueBinder    : building BasicValue for content
2024-07-22T14:45:45.157+02:00 DEBUG 121248 --- [CommunistDate] [           main] org.hibernate.mapping.BasicValue         : Skipping column re-registration: chat.content
2024-07-22T14:45:45.157+02:00 DEBUG 121248 --- [CommunistDate] [           main] o.h.boot.model.internal.PropertyBinder   : Building property content
2024-07-22T14:45:45.159+02:00 DEBUG 121248 --- [CommunistDate] [           main] o.h.boot.model.internal.AnnotatedColumn  : Binding column: AnnotatedColumn(column='timestamp')
2024-07-22T14:45:45.159+02:00 DEBUG 121248 --- [CommunistDate] [           main] o.h.boot.model.internal.PropertyBinder   : MetadataSourceProcessor property createdAt with lazy=false
2024-07-22T14:45:45.160+02:00 DEBUG 121248 --- [CommunistDate] [           main] o.h.b.m.internal.AbstractPropertyHolder  : Attempting to locate auto-apply AttributeConverter for property [com.example.CommunistDate.Chat.Chat:createdAt]
2024-07-22T14:45:45.160+02:00 DEBUG 121248 --- [CommunistDate] [           main] o.h.b.model.internal.BasicValueBinder    : building BasicValue for createdAt
2024-07-22T14:45:45.160+02:00 DEBUG 121248 --- [CommunistDate] [           main] org.hibernate.mapping.BasicValue         : Skipping column re-registration: chat.timestamp
2024-07-22T14:45:45.160+02:00 DEBUG 121248 --- [CommunistDate] [           main] o.h.boot.model.internal.PropertyBinder   : Building property createdAt
2024-07-22T14:45:45.164+02:00 DEBUG 121248 --- [CommunistDate] [           main] o.h.boot.model.internal.AnnotatedColumn  : Binding column: AnnotatedJoinColumn(column='receiver_id')
2024-07-22T14:45:45.167+02:00 DEBUG 121248 --- [CommunistDate] [           main] o.h.boot.model.internal.AnnotatedColumn  : Binding column: AnnotatedColumn()
2024-07-22T14:45:45.172+02:00 DEBUG 121248 --- [CommunistDate] [           main] o.h.boot.model.internal.PropertyBinder   : Building property receiver
2024-07-22T14:45:45.173+02:00 DEBUG 121248 --- [CommunistDate] [           main] o.h.boot.model.internal.AnnotatedColumn  : Binding column: AnnotatedJoinColumn(column='sender_id')
2024-07-22T14:45:45.174+02:00 DEBUG 121248 --- [CommunistDate] [           main] o.h.boot.model.internal.AnnotatedColumn  : Binding column: AnnotatedColumn()
2024-07-22T14:45:45.174+02:00 DEBUG 121248 --- [CommunistDate] [           main] o.h.boot.model.internal.PropertyBinder   : Building property sender
2024-07-22T14:45:45.176+02:00 DEBUG 121248 --- [CommunistDate] [           main] o.h.b.r.c.i.ClassLoaderServiceImpl       : HHH000194: Package not found or no package-info.java: com.example.CommunistDate.Chat
2024-07-22T14:45:45.181+02:00 DEBUG 121248 --- [CommunistDate] [           main] o.h.boot.model.internal.EntityBinder     : Binding entity from annotated class: com.example.CommunistDate.Likes.Like
2024-07-22T14:45:45.182+02:00 DEBUG 121248 --- [CommunistDate] [           main] o.h.boot.model.internal.EntityBinder     : Import with entity name Like
2024-07-22T14:45:45.183+02:00 DEBUG 121248 --- [CommunistDate] [           main] o.h.boot.model.internal.EntityBinder     : Bind entity com.example.CommunistDate.Likes.Like on table likes
2024-07-22T14:45:45.183+02:00 DEBUG 121248 --- [CommunistDate] [           main] o.h.boot.model.internal.AnnotatedColumn  : Binding column: AnnotatedDiscriminatorColumn(column='DTYPE')
2024-07-22T14:45:45.185+02:00 DEBUG 121248 --- [CommunistDate] [           main] o.h.boot.model.internal.AnnotatedColumn  : Binding column: AnnotatedColumn(column='likeid')
2024-07-22T14:45:45.185+02:00 DEBUG 121248 --- [CommunistDate] [           main] o.h.boot.internal.ClassLoaderAccessImpl  : Not known whether passed class name [com.example.CommunistDate.Likes.Like] is safe
2024-07-22T14:45:45.186+02:00 DEBUG 121248 --- [CommunistDate] [           main] o.h.boot.internal.ClassLoaderAccessImpl  : No temp ClassLoader provided; using live ClassLoader for loading potentially unsafe class : com.example.CommunistDate.Likes.Like
2024-07-22T14:45:45.186+02:00 DEBUG 121248 --- [CommunistDate] [           main] o.h.boot.model.internal.PropertyBinder   : MetadataSourceProcessor property id with lazy=false
2024-07-22T14:45:45.186+02:00 DEBUG 121248 --- [CommunistDate] [           main] o.h.b.m.internal.AbstractPropertyHolder  : Attempting to locate auto-apply AttributeConverter for property [com.example.CommunistDate.Likes.Like:id]
2024-07-22T14:45:45.187+02:00 DEBUG 121248 --- [CommunistDate] [           main] o.h.b.model.internal.BasicValueBinder    : building BasicValue for id
2024-07-22T14:45:45.187+02:00 DEBUG 121248 --- [CommunistDate] [           main] org.hibernate.mapping.BasicValue         : Skipping column re-registration: likes.likeid
2024-07-22T14:45:45.187+02:00 DEBUG 121248 --- [CommunistDate] [           main] o.h.boot.model.internal.PropertyBinder   : Building property id
2024-07-22T14:45:45.188+02:00 DEBUG 121248 --- [CommunistDate] [           main] o.h.boot.model.internal.BinderHelper     : #makeIdGenerator(BasicValue([Column(likeid)]), id, identity, , ...)
2024-07-22T14:45:45.188+02:00 DEBUG 121248 --- [CommunistDate] [           main] o.h.boot.model.internal.AnnotatedColumn  : Binding column: AnnotatedColumn(column='timestamp')
2024-07-22T14:45:45.188+02:00 DEBUG 121248 --- [CommunistDate] [           main] o.h.boot.model.internal.PropertyBinder   : MetadataSourceProcessor property createdAt with lazy=false
2024-07-22T14:45:45.189+02:00 DEBUG 121248 --- [CommunistDate] [           main] o.h.b.m.internal.AbstractPropertyHolder  : Attempting to locate auto-apply AttributeConverter for property [com.example.CommunistDate.Likes.Like:createdAt]
2024-07-22T14:45:45.189+02:00 DEBUG 121248 --- [CommunistDate] [           main] o.h.b.model.internal.BasicValueBinder    : building BasicValue for createdAt
2024-07-22T14:45:45.190+02:00 DEBUG 121248 --- [CommunistDate] [           main] org.hibernate.mapping.BasicValue         : Skipping column re-registration: likes.timestamp
2024-07-22T14:45:45.191+02:00 DEBUG 121248 --- [CommunistDate] [           main] o.h.boot.model.internal.PropertyBinder   : Building property createdAt
2024-07-22T14:45:45.191+02:00 DEBUG 121248 --- [CommunistDate] [           main] o.h.boot.model.internal.AnnotatedColumn  : Binding column: AnnotatedColumn(column='liked')
2024-07-22T14:45:45.192+02:00 DEBUG 121248 --- [CommunistDate] [           main] o.h.boot.model.internal.PropertyBinder   : MetadataSourceProcessor property likes with lazy=false
2024-07-22T14:45:45.192+02:00 DEBUG 121248 --- [CommunistDate] [           main] o.h.b.m.internal.AbstractPropertyHolder  : Attempting to locate auto-apply AttributeConverter for property [com.example.CommunistDate.Likes.Like:likes]
2024-07-22T14:45:45.192+02:00 DEBUG 121248 --- [CommunistDate] [           main] o.h.b.model.internal.BasicValueBinder    : building BasicValue for likes
2024-07-22T14:45:45.193+02:00 DEBUG 121248 --- [CommunistDate] [           main] org.hibernate.mapping.BasicValue         : Skipping column re-registration: likes.liked
2024-07-22T14:45:45.193+02:00 DEBUG 121248 --- [CommunistDate] [           main] o.h.boot.model.internal.PropertyBinder   : Building property likes
2024-07-22T14:45:45.194+02:00 DEBUG 121248 --- [CommunistDate] [           main] o.h.boot.model.internal.AnnotatedColumn  : Binding column: AnnotatedJoinColumn(column='userid1')
2024-07-22T14:45:45.195+02:00 DEBUG 121248 --- [CommunistDate] [           main] o.h.boot.model.internal.AnnotatedColumn  : Binding column: AnnotatedColumn()
2024-07-22T14:45:45.196+02:00 DEBUG 121248 --- [CommunistDate] [           main] o.h.boot.model.internal.PropertyBinder   : Building property userId1
2024-07-22T14:45:45.196+02:00 DEBUG 121248 --- [CommunistDate] [           main] o.h.boot.model.internal.AnnotatedColumn  : Binding column: AnnotatedJoinColumn(column='userid2')
2024-07-22T14:45:45.197+02:00 DEBUG 121248 --- [CommunistDate] [           main] o.h.boot.model.internal.AnnotatedColumn  : Binding column: AnnotatedColumn()
2024-07-22T14:45:45.197+02:00 DEBUG 121248 --- [CommunistDate] [           main] o.h.boot.model.internal.PropertyBinder   : Building property userId2
2024-07-22T14:45:45.198+02:00 DEBUG 121248 --- [CommunistDate] [           main] o.h.b.r.c.i.ClassLoaderServiceImpl       : HHH000194: Package not found or no package-info.java: com.example.CommunistDate.Likes
2024-07-22T14:45:45.199+02:00 DEBUG 121248 --- [CommunistDate] [           main] o.h.boot.model.internal.EntityBinder     : Binding entity from annotated class: com.example.CommunistDate.Posts.Post
2024-07-22T14:45:45.199+02:00 DEBUG 121248 --- [CommunistDate] [           main] o.h.boot.model.internal.EntityBinder     : Import with entity name Post
2024-07-22T14:45:45.200+02:00 DEBUG 121248 --- [CommunistDate] [           main] o.h.boot.model.internal.EntityBinder     : Bind entity com.example.CommunistDate.Posts.Post on table blogs
2024-07-22T14:45:45.201+02:00 DEBUG 121248 --- [CommunistDate] [           main] o.h.boot.model.internal.AnnotatedColumn  : Binding column: AnnotatedDiscriminatorColumn(column='DTYPE')
2024-07-22T14:45:45.204+02:00 DEBUG 121248 --- [CommunistDate] [           main] o.h.boot.model.internal.AnnotatedColumn  : Binding column: AnnotatedColumn(column='id')
2024-07-22T14:45:45.204+02:00 DEBUG 121248 --- [CommunistDate] [           main] o.h.boot.internal.ClassLoaderAccessImpl  : Not known whether passed class name [com.example.CommunistDate.Posts.Post] is safe
2024-07-22T14:45:45.204+02:00 DEBUG 121248 --- [CommunistDate] [           main] o.h.boot.internal.ClassLoaderAccessImpl  : No temp ClassLoader provided; using live ClassLoader for loading potentially unsafe class : com.example.CommunistDate.Posts.Post
2024-07-22T14:45:45.205+02:00 DEBUG 121248 --- [CommunistDate] [           main] o.h.boot.model.internal.PropertyBinder   : MetadataSourceProcessor property id with lazy=false
2024-07-22T14:45:45.205+02:00 DEBUG 121248 --- [CommunistDate] [           main] o.h.b.m.internal.AbstractPropertyHolder  : Attempting to locate auto-apply AttributeConverter for property [com.example.CommunistDate.Posts.Post:id]
2024-07-22T14:45:45.205+02:00 DEBUG 121248 --- [CommunistDate] [           main] o.h.b.model.internal.BasicValueBinder    : building BasicValue for id
2024-07-22T14:45:45.206+02:00 DEBUG 121248 --- [CommunistDate] [           main] org.hibernate.mapping.BasicValue         : Skipping column re-registration: blogs.id
2024-07-22T14:45:45.206+02:00 DEBUG 121248 --- [CommunistDate] [           main] o.h.boot.model.internal.PropertyBinder   : Building property id
2024-07-22T14:45:45.206+02:00 DEBUG 121248 --- [CommunistDate] [           main] o.h.boot.model.internal.BinderHelper     : #makeIdGenerator(BasicValue([Column(id)]), id, identity, , ...)
2024-07-22T14:45:45.207+02:00 DEBUG 121248 --- [CommunistDate] [           main] o.h.boot.model.internal.AnnotatedColumn  : Binding column: AnnotatedColumn(column='content')
2024-07-22T14:45:45.208+02:00 DEBUG 121248 --- [CommunistDate] [           main] o.h.boot.model.internal.PropertyBinder   : MetadataSourceProcessor property content with lazy=false
2024-07-22T14:45:45.208+02:00 DEBUG 121248 --- [CommunistDate] [           main] o.h.b.m.internal.AbstractPropertyHolder  : Attempting to locate auto-apply AttributeConverter for property [com.example.CommunistDate.Posts.Post:content]
2024-07-22T14:45:45.208+02:00 DEBUG 121248 --- [CommunistDate] [           main] o.h.b.model.internal.BasicValueBinder    : building BasicValue for content
2024-07-22T14:45:45.208+02:00 DEBUG 121248 --- [CommunistDate] [           main] org.hibernate.mapping.BasicValue         : Skipping column re-registration: blogs.content
2024-07-22T14:45:45.209+02:00 DEBUG 121248 --- [CommunistDate] [           main] o.h.boot.model.internal.PropertyBinder   : Building property content
2024-07-22T14:45:45.209+02:00 DEBUG 121248 --- [CommunistDate] [           main] o.h.boot.model.internal.AnnotatedColumn  : Binding column: AnnotatedColumn(column='created_at')
2024-07-22T14:45:45.210+02:00 DEBUG 121248 --- [CommunistDate] [           main] o.h.boot.model.internal.PropertyBinder   : MetadataSourceProcessor property createdAt with lazy=false
2024-07-22T14:45:45.210+02:00 DEBUG 121248 --- [CommunistDate] [           main] o.h.b.m.internal.AbstractPropertyHolder  : Attempting to locate auto-apply AttributeConverter for property [com.example.CommunistDate.Posts.Post:createdAt]
2024-07-22T14:45:45.210+02:00 DEBUG 121248 --- [CommunistDate] [           main] o.h.b.model.internal.BasicValueBinder    : building BasicValue for createdAt
2024-07-22T14:45:45.210+02:00 DEBUG 121248 --- [CommunistDate] [           main] org.hibernate.mapping.BasicValue         : Skipping column re-registration: blogs.created_at
2024-07-22T14:45:45.210+02:00 DEBUG 121248 --- [CommunistDate] [           main] o.h.boot.model.internal.PropertyBinder   : Building property createdAt
2024-07-22T14:45:45.211+02:00 DEBUG 121248 --- [CommunistDate] [           main] o.h.boot.model.internal.AnnotatedColumn  : Binding column: AnnotatedColumn(column='title')
2024-07-22T14:45:45.211+02:00 DEBUG 121248 --- [CommunistDate] [           main] o.h.boot.model.internal.PropertyBinder   : MetadataSourceProcessor property title with lazy=false
2024-07-22T14:45:45.211+02:00 DEBUG 121248 --- [CommunistDate] [           main] o.h.b.m.internal.AbstractPropertyHolder  : Attempting to locate auto-apply AttributeConverter for property [com.example.CommunistDate.Posts.Post:title]
2024-07-22T14:45:45.211+02:00 DEBUG 121248 --- [CommunistDate] [           main] o.h.b.model.internal.BasicValueBinder    : building BasicValue for title
2024-07-22T14:45:45.212+02:00 DEBUG 121248 --- [CommunistDate] [           main] org.hibernate.mapping.BasicValue         : Skipping column re-registration: blogs.title
2024-07-22T14:45:45.212+02:00 DEBUG 121248 --- [CommunistDate] [           main] o.h.boot.model.internal.PropertyBinder   : Building property title
2024-07-22T14:45:45.212+02:00 DEBUG 121248 --- [CommunistDate] [           main] o.h.boot.model.internal.AnnotatedColumn  : Binding column: AnnotatedJoinColumn(column='user_id')
2024-07-22T14:45:45.213+02:00 DEBUG 121248 --- [CommunistDate] [           main] o.h.boot.model.internal.AnnotatedColumn  : Binding column: AnnotatedColumn()
2024-07-22T14:45:45.213+02:00 DEBUG 121248 --- [CommunistDate] [           main] o.h.boot.model.internal.PropertyBinder   : Building property user
2024-07-22T14:45:45.214+02:00 DEBUG 121248 --- [CommunistDate] [           main] o.h.b.r.c.i.ClassLoaderServiceImpl       : HHH000194: Package not found or no package-info.java: com.example.CommunistDate.Posts
2024-07-22T14:45:45.215+02:00 DEBUG 121248 --- [CommunistDate] [           main] o.h.boot.model.internal.EntityBinder     : Binding entity from annotated class: com.example.CommunistDate.UserPreferences.UserPreferences
2024-07-22T14:45:45.215+02:00 DEBUG 121248 --- [CommunistDate] [           main] o.h.boot.model.internal.EntityBinder     : Import with entity name UserPreferences
2024-07-22T14:45:45.216+02:00 DEBUG 121248 --- [CommunistDate] [           main] o.h.boot.model.internal.EntityBinder     : Bind entity com.example.CommunistDate.UserPreferences.UserPreferences on table userpreferences
2024-07-22T14:45:45.216+02:00 DEBUG 121248 --- [CommunistDate] [           main] o.h.boot.model.internal.AnnotatedColumn  : Binding column: AnnotatedDiscriminatorColumn(column='DTYPE')
2024-07-22T14:45:45.219+02:00 DEBUG 121248 --- [CommunistDate] [           main] o.h.boot.model.internal.AnnotatedColumn  : Binding column: AnnotatedColumn()
2024-07-22T14:45:45.219+02:00 DEBUG 121248 --- [CommunistDate] [           main] o.h.boot.internal.ClassLoaderAccessImpl  : Not known whether passed class name [com.example.CommunistDate.UserPreferences.UserPreferences] is safe
2024-07-22T14:45:45.219+02:00 DEBUG 121248 --- [CommunistDate] [           main] o.h.boot.internal.ClassLoaderAccessImpl  : No temp ClassLoader provided; using live ClassLoader for loading potentially unsafe class : com.example.CommunistDate.UserPreferences.UserPreferences
2024-07-22T14:45:45.220+02:00 DEBUG 121248 --- [CommunistDate] [           main] o.h.boot.model.internal.PropertyBinder   : MetadataSourceProcessor property id with lazy=false
2024-07-22T14:45:45.220+02:00 DEBUG 121248 --- [CommunistDate] [           main] o.h.b.m.internal.AbstractPropertyHolder  : Attempting to locate auto-apply AttributeConverter for property [com.example.CommunistDate.UserPreferences.UserPreferences:id]
2024-07-22T14:45:45.220+02:00 DEBUG 121248 --- [CommunistDate] [           main] o.h.b.model.internal.BasicValueBinder    : building BasicValue for id
2024-07-22T14:45:45.220+02:00 DEBUG 121248 --- [CommunistDate] [           main] org.hibernate.mapping.BasicValue         : Skipping column re-registration: userpreferences.id
2024-07-22T14:45:45.221+02:00 DEBUG 121248 --- [CommunistDate] [           main] o.h.boot.model.internal.PropertyBinder   : Building property id
2024-07-22T14:45:45.221+02:00 DEBUG 121248 --- [CommunistDate] [           main] o.h.boot.model.internal.BinderHelper     : #makeIdGenerator(BasicValue([Column(id)]), id, identity, , ...)
2024-07-22T14:45:45.222+02:00 DEBUG 121248 --- [CommunistDate] [           main] o.h.boot.model.internal.AnnotatedColumn  : Binding column: AnnotatedColumn(column='gender')
2024-07-22T14:45:45.222+02:00 DEBUG 121248 --- [CommunistDate] [           main] o.h.boot.model.internal.PropertyBinder   : MetadataSourceProcessor property gender with lazy=false
2024-07-22T14:45:45.222+02:00 DEBUG 121248 --- [CommunistDate] [           main] o.h.b.m.internal.AbstractPropertyHolder  : Attempting to locate auto-apply AttributeConverter for property [com.example.CommunistDate.UserPreferences.UserPreferences:gender]
2024-07-22T14:45:45.222+02:00 DEBUG 121248 --- [CommunistDate] [           main] o.h.b.model.internal.BasicValueBinder    : building BasicValue for gender
2024-07-22T14:45:45.222+02:00 DEBUG 121248 --- [CommunistDate] [           main] org.hibernate.mapping.BasicValue         : Skipping column re-registration: userpreferences.gender
2024-07-22T14:45:45.223+02:00 DEBUG 121248 --- [CommunistDate] [           main] o.h.boot.model.internal.PropertyBinder   : Building property gender
2024-07-22T14:45:45.223+02:00 DEBUG 121248 --- [CommunistDate] [           main] o.h.boot.model.internal.AnnotatedColumn  : Binding column: AnnotatedColumn(column='max_age')
2024-07-22T14:45:45.224+02:00 DEBUG 121248 --- [CommunistDate] [           main] o.h.boot.model.internal.PropertyBinder   : MetadataSourceProcessor property maxAge with lazy=false
2024-07-22T14:45:45.224+02:00 DEBUG 121248 --- [CommunistDate] [           main] o.h.b.m.internal.AbstractPropertyHolder  : Attempting to locate auto-apply AttributeConverter for property [com.example.CommunistDate.UserPreferences.UserPreferences:maxAge]
2024-07-22T14:45:45.224+02:00 DEBUG 121248 --- [CommunistDate] [           main] o.h.b.model.internal.BasicValueBinder    : building BasicValue for maxAge
2024-07-22T14:45:45.224+02:00 DEBUG 121248 --- [CommunistDate] [           main] org.hibernate.mapping.BasicValue         : Skipping column re-registration: userpreferences.max_age
2024-07-22T14:45:45.225+02:00 DEBUG 121248 --- [CommunistDate] [           main] o.h.boot.model.internal.PropertyBinder   : Building property maxAge
2024-07-22T14:45:45.225+02:00 DEBUG 121248 --- [CommunistDate] [           main] o.h.boot.model.internal.AnnotatedColumn  : Binding column: AnnotatedColumn(column='min_age')
2024-07-22T14:45:45.225+02:00 DEBUG 121248 --- [CommunistDate] [           main] o.h.boot.model.internal.PropertyBinder   : MetadataSourceProcessor property minAge with lazy=false
2024-07-22T14:45:45.226+02:00 DEBUG 121248 --- [CommunistDate] [           main] o.h.b.m.internal.AbstractPropertyHolder  : Attempting to locate auto-apply AttributeConverter for property [com.example.CommunistDate.UserPreferences.UserPreferences:minAge]
2024-07-22T14:45:45.226+02:00 DEBUG 121248 --- [CommunistDate] [           main] o.h.b.model.internal.BasicValueBinder    : building BasicValue for minAge
2024-07-22T14:45:45.226+02:00 DEBUG 121248 --- [CommunistDate] [           main] org.hibernate.mapping.BasicValue         : Skipping column re-registration: userpreferences.min_age
2024-07-22T14:45:45.226+02:00 DEBUG 121248 --- [CommunistDate] [           main] o.h.boot.model.internal.PropertyBinder   : Building property minAge
2024-07-22T14:45:45.227+02:00 DEBUG 121248 --- [CommunistDate] [           main] o.h.boot.model.internal.AnnotatedColumn  : Binding column: AnnotatedColumn(column='partner_share')
2024-07-22T14:45:45.227+02:00 DEBUG 121248 --- [CommunistDate] [           main] o.h.boot.model.internal.PropertyBinder   : MetadataSourceProcessor property partnerShare with lazy=false
2024-07-22T14:45:45.228+02:00 DEBUG 121248 --- [CommunistDate] [           main] o.h.b.m.internal.AbstractPropertyHolder  : Attempting to locate auto-apply AttributeConverter for property [com.example.CommunistDate.UserPreferences.UserPreferences:partnerShare]
2024-07-22T14:45:45.228+02:00 DEBUG 121248 --- [CommunistDate] [           main] o.h.b.model.internal.BasicValueBinder    : building BasicValue for partnerShare
2024-07-22T14:45:45.228+02:00 DEBUG 121248 --- [CommunistDate] [           main] org.hibernate.mapping.BasicValue         : Skipping column re-registration: userpreferences.partner_share
2024-07-22T14:45:45.228+02:00 DEBUG 121248 --- [CommunistDate] [           main] o.h.boot.model.internal.PropertyBinder   : Building property partnerShare
2024-07-22T14:45:45.228+02:00 DEBUG 121248 --- [CommunistDate] [           main] o.h.boot.model.internal.AnnotatedColumn  : Binding column: AnnotatedColumn(column='political_belief')
2024-07-22T14:45:45.229+02:00 DEBUG 121248 --- [CommunistDate] [           main] o.h.boot.model.internal.PropertyBinder   : MetadataSourceProcessor property politicalBelief with lazy=false
2024-07-22T14:45:45.229+02:00 DEBUG 121248 --- [CommunistDate] [           main] o.h.b.m.internal.AbstractPropertyHolder  : Attempting to locate auto-apply AttributeConverter for property [com.example.CommunistDate.UserPreferences.UserPreferences:politicalBelief]
2024-07-22T14:45:45.229+02:00 DEBUG 121248 --- [CommunistDate] [           main] o.h.b.model.internal.BasicValueBinder    : building BasicValue for politicalBelief
2024-07-22T14:45:45.229+02:00 DEBUG 121248 --- [CommunistDate] [           main] org.hibernate.mapping.BasicValue         : Skipping column re-registration: userpreferences.political_belief
2024-07-22T14:45:45.230+02:00 DEBUG 121248 --- [CommunistDate] [           main] o.h.boot.model.internal.PropertyBinder   : Building property politicalBelief
2024-07-22T14:45:45.230+02:00 DEBUG 121248 --- [CommunistDate] [           main] o.h.boot.model.internal.AnnotatedColumn  : Binding column: AnnotatedJoinColumn(column='user_id',referencedColumn='id')
2024-07-22T14:45:45.231+02:00 DEBUG 121248 --- [CommunistDate] [           main] o.h.boot.model.internal.AnnotatedColumn  : Binding column: AnnotatedColumn()
2024-07-22T14:45:45.231+02:00 DEBUG 121248 --- [CommunistDate] [           main] o.h.boot.model.internal.PropertyBinder   : Building property user
2024-07-22T14:45:45.232+02:00 DEBUG 121248 --- [CommunistDate] [           main] o.h.b.r.c.i.ClassLoaderServiceImpl       : HHH000194: Package not found or no package-info.java: com.example.CommunistDate.UserPreferences
2024-07-22T14:45:45.233+02:00 DEBUG 121248 --- [CommunistDate] [           main] o.h.boot.model.internal.EntityBinder     : Binding entity from annotated class: com.example.CommunistDate.Users.User
2024-07-22T14:45:45.233+02:00 DEBUG 121248 --- [CommunistDate] [           main] o.h.boot.model.internal.EntityBinder     : Import with entity name User
2024-07-22T14:45:45.234+02:00 DEBUG 121248 --- [CommunistDate] [           main] o.h.boot.model.internal.EntityBinder     : Bind entity com.example.CommunistDate.Users.User on table users
2024-07-22T14:45:45.234+02:00 DEBUG 121248 --- [CommunistDate] [           main] o.h.boot.model.internal.AnnotatedColumn  : Binding column: AnnotatedDiscriminatorColumn(column='DTYPE')
2024-07-22T14:45:45.238+02:00 DEBUG 121248 --- [CommunistDate] [           main] o.h.boot.model.internal.AnnotatedColumn  : Binding column: AnnotatedColumn(column='id')
2024-07-22T14:45:45.238+02:00 DEBUG 121248 --- [CommunistDate] [           main] o.h.boot.internal.ClassLoaderAccessImpl  : Not known whether passed class name [com.example.CommunistDate.Users.User] is safe
2024-07-22T14:45:45.238+02:00 DEBUG 121248 --- [CommunistDate] [           main] o.h.boot.internal.ClassLoaderAccessImpl  : No temp ClassLoader provided; using live ClassLoader for loading potentially unsafe class : com.example.CommunistDate.Users.User
2024-07-22T14:45:45.239+02:00 DEBUG 121248 --- [CommunistDate] [           main] o.h.boot.model.internal.PropertyBinder   : MetadataSourceProcessor property id with lazy=false
2024-07-22T14:45:45.239+02:00 DEBUG 121248 --- [CommunistDate] [           main] o.h.b.m.internal.AbstractPropertyHolder  : Attempting to locate auto-apply AttributeConverter for property [com.example.CommunistDate.Users.User:id]
2024-07-22T14:45:45.239+02:00 DEBUG 121248 --- [CommunistDate] [           main] o.h.b.model.internal.BasicValueBinder    : building BasicValue for id
2024-07-22T14:45:45.239+02:00 DEBUG 121248 --- [CommunistDate] [           main] org.hibernate.mapping.BasicValue         : Skipping column re-registration: users.id
2024-07-22T14:45:45.239+02:00 DEBUG 121248 --- [CommunistDate] [           main] o.h.boot.model.internal.PropertyBinder   : Building property id
2024-07-22T14:45:45.240+02:00 DEBUG 121248 --- [CommunistDate] [           main] o.h.boot.model.internal.BinderHelper     : #makeIdGenerator(BasicValue([Column(id)]), id, identity, , ...)
2024-07-22T14:45:45.240+02:00 DEBUG 121248 --- [CommunistDate] [           main] o.h.boot.model.internal.AnnotatedColumn  : Binding column: AnnotatedColumn(column='age')
2024-07-22T14:45:45.240+02:00 DEBUG 121248 --- [CommunistDate] [           main] o.h.boot.model.internal.PropertyBinder   : MetadataSourceProcessor property age with lazy=false
2024-07-22T14:45:45.240+02:00 DEBUG 121248 --- [CommunistDate] [           main] o.h.b.m.internal.AbstractPropertyHolder  : Attempting to locate auto-apply AttributeConverter for property [com.example.CommunistDate.Users.User:age]
2024-07-22T14:45:45.241+02:00 DEBUG 121248 --- [CommunistDate] [           main] o.h.b.model.internal.BasicValueBinder    : building BasicValue for age
2024-07-22T14:45:45.241+02:00 DEBUG 121248 --- [CommunistDate] [           main] org.hibernate.mapping.BasicValue         : Skipping column re-registration: users.age
2024-07-22T14:45:45.241+02:00 DEBUG 121248 --- [CommunistDate] [           main] o.h.boot.model.internal.PropertyBinder   : Building property age
2024-07-22T14:45:45.241+02:00 DEBUG 121248 --- [CommunistDate] [           main] o.h.boot.model.internal.AnnotatedColumn  : Binding column: AnnotatedColumn(column='city')
2024-07-22T14:45:45.242+02:00 DEBUG 121248 --- [CommunistDate] [           main] o.h.boot.model.internal.PropertyBinder   : MetadataSourceProcessor property city with lazy=false
2024-07-22T14:45:45.242+02:00 DEBUG 121248 --- [CommunistDate] [           main] o.h.b.m.internal.AbstractPropertyHolder  : Attempting to locate auto-apply AttributeConverter for property [com.example.CommunistDate.Users.User:city]
2024-07-22T14:45:45.242+02:00 DEBUG 121248 --- [CommunistDate] [           main] o.h.b.model.internal.BasicValueBinder    : building BasicValue for city
2024-07-22T14:45:45.242+02:00 DEBUG 121248 --- [CommunistDate] [           main] org.hibernate.mapping.BasicValue         : Skipping column re-registration: users.city
2024-07-22T14:45:45.242+02:00 DEBUG 121248 --- [CommunistDate] [           main] o.h.boot.model.internal.PropertyBinder   : Building property city
2024-07-22T14:45:45.243+02:00 DEBUG 121248 --- [CommunistDate] [           main] o.h.boot.model.internal.AnnotatedColumn  : Binding column: AnnotatedColumn(column='communism_level')
2024-07-22T14:45:45.243+02:00 DEBUG 121248 --- [CommunistDate] [           main] o.h.boot.model.internal.PropertyBinder   : MetadataSourceProcessor property communismLevel with lazy=false
2024-07-22T14:45:45.243+02:00 DEBUG 121248 --- [CommunistDate] [           main] o.h.b.m.internal.AbstractPropertyHolder  : Attempting to locate auto-apply AttributeConverter for property [com.example.CommunistDate.Users.User:communismLevel]
2024-07-22T14:45:45.243+02:00 DEBUG 121248 --- [CommunistDate] [           main] o.h.b.model.internal.BasicValueBinder    : building BasicValue for communismLevel
2024-07-22T14:45:45.244+02:00 DEBUG 121248 --- [CommunistDate] [           main] org.hibernate.mapping.BasicValue         : Skipping column re-registration: users.communism_level
2024-07-22T14:45:45.244+02:00 DEBUG 121248 --- [CommunistDate] [           main] o.h.boot.model.internal.PropertyBinder   : Building property communismLevel
2024-07-22T14:45:45.244+02:00 DEBUG 121248 --- [CommunistDate] [           main] o.h.boot.model.internal.AnnotatedColumn  : Binding column: AnnotatedColumn(column='communism_relationship')
2024-07-22T14:45:45.245+02:00 DEBUG 121248 --- [CommunistDate] [           main] o.h.boot.model.internal.PropertyBinder   : MetadataSourceProcessor property communismRelationship with lazy=false
2024-07-22T14:45:45.245+02:00 DEBUG 121248 --- [CommunistDate] [           main] o.h.b.m.internal.AbstractPropertyHolder  : Attempting to locate auto-apply AttributeConverter for property [com.example.CommunistDate.Users.User:communismRelationship]
2024-07-22T14:45:45.245+02:00 DEBUG 121248 --- [CommunistDate] [           main] o.h.b.model.internal.BasicValueBinder    : building BasicValue for communismRelationship
[...]
	at org.junit.platform.engine.support.hierarchical.ThrowableCollector.execute(ThrowableCollector.java:73) ~[junit-platform-engine-1.10.2.jar:1.10.2]
	at org.junit.platform.engine.support.hierarchical.NodeTestTask.prepare(NodeTestTask.java:123) ~[junit-platform-engine-1.10.2.jar:1.10.2]
	at org.junit.platform.engine.support.hierarchical.NodeTestTask.execute(NodeTestTask.java:90) ~[junit-platform-engine-1.10.2.jar:1.10.2]
	at java.base/java.util.ArrayList.forEach(ArrayList.java:1596) ~[na:na]
	at org.junit.platform.engine.support.hierarchical.SameThreadHierarchicalTestExecutorService.invokeAll(SameThreadHierarchicalTestExecutorService.java:41) ~[junit-platform-engine-1.10.2.jar:1.10.2]
	at org.junit.platform.engine.support.hierarchical.NodeTestTask.lambda$executeRecursively$6(NodeTestTask.java:155) ~[junit-platform-engine-1.10.2.jar:1.10.2]
	at org.junit.platform.engine.support.hierarchical.ThrowableCollector.execute(ThrowableCollector.java:73) ~[junit-platform-engine-1.10.2.jar:1.10.2]
	at org.junit.platform.engine.support.hierarchical.NodeTestTask.lambda$executeRecursively$8(NodeTestTask.java:141) ~[junit-platform-engine-1.10.2.jar:1.10.2]
	at org.junit.platform.engine.support.hierarchical.Node.around(Node.java:137) ~[junit-platform-engine-1.10.2.jar:1.10.2]
	at org.junit.platform.engine.support.hierarchical.NodeTestTask.lambda$executeRecursively$9(NodeTestTask.java:139) ~[junit-platform-engine-1.10.2.jar:1.10.2]
	at org.junit.platform.engine.support.hierarchical.ThrowableCollector.execute(ThrowableCollector.java:73) ~[junit-platform-engine-1.10.2.jar:1.10.2]
	at org.junit.platform.engine.support.hierarchical.NodeTestTask.executeRecursively(NodeTestTask.java:138) ~[junit-platform-engine-1.10.2.jar:1.10.2]
	at org.junit.platform.engine.support.hierarchical.NodeTestTask.execute(NodeTestTask.java:95) ~[junit-platform-engine-1.10.2.jar:1.10.2]
	at java.base/java.util.ArrayList.forEach(ArrayList.java:1596) ~[na:na]
	at org.junit.platform.engine.support.hierarchical.SameThreadHierarchicalTestExecutorService.invokeAll(SameThreadHierarchicalTestExecutorService.java:41) ~[junit-platform-engine-1.10.2.jar:1.10.2]
	at org.junit.platform.engine.support.hierarchical.NodeTestTask.lambda$executeRecursively$6(NodeTestTask.java:155) ~[junit-platform-engine-1.10.2.jar:1.10.2]
	at org.junit.platform.engine.support.hierarchical.ThrowableCollector.execute(ThrowableCollector.java:73) ~[junit-platform-engine-1.10.2.jar:1.10.2]
	at org.junit.platform.engine.support.hierarchical.NodeTestTask.lambda$executeRecursively$8(NodeTestTask.java:141) ~[junit-platform-engine-1.10.2.jar:1.10.2]
	at org.junit.platform.engine.support.hierarchical.Node.around(Node.java:137) ~[junit-platform-engine-1.10.2.jar:1.10.2]
	at org.junit.platform.engine.support.hierarchical.NodeTestTask.lambda$executeRecursively$9(NodeTestTask.java:139) ~[junit-platform-engine-1.10.2.jar:1.10.2]
	at org.junit.platform.engine.support.hierarchical.ThrowableCollector.execute(ThrowableCollector.java:73) ~[junit-platform-engine-1.10.2.jar:1.10.2]
	at org.junit.platform.engine.support.hierarchical.NodeTestTask.executeRecursively(NodeTestTask.java:138) ~[junit-platform-engine-1.10.2.jar:1.10.2]
	at org.junit.platform.engine.support.hierarchical.NodeTestTask.execute(NodeTestTask.java:95) ~[junit-platform-engine-1.10.2.jar:1.10.2]
	at org.junit.platform.engine.support.hierarchical.SameThreadHierarchicalTestExecutorService.submit(SameThreadHierarchicalTestExecutorService.java:35) ~[junit-platform-engine-1.10.2.jar:1.10.2]
	at org.junit.platform.engine.support.hierarchical.HierarchicalTestExecutor.execute(HierarchicalTestExecutor.java:57) ~[junit-platform-engine-1.10.2.jar:1.10.2]
	at org.junit.platform.engine.support.hierarchical.HierarchicalTestEngine.execute(HierarchicalTestEngine.java:54) ~[junit-platform-engine-1.10.2.jar:1.10.2]
	at org.junit.platform.launcher.core.EngineExecutionOrchestrator.execute(EngineExecutionOrchestrator.java:198) ~[junit-platform-launcher-1.10.2.jar:1.10.2]
	at org.junit.platform.launcher.core.EngineExecutionOrchestrator.execute(EngineExecutionOrchestrator.java:169) ~[junit-platform-launcher-1.10.2.jar:1.10.2]
	at org.junit.platform.launcher.core.EngineExecutionOrchestrator.execute(EngineExecutionOrchestrator.java:93) ~[junit-platform-launcher-1.10.2.jar:1.10.2]
	at org.junit.platform.launcher.core.EngineExecutionOrchestrator.lambda$execute$0(EngineExecutionOrchestrator.java:58) ~[junit-platform-launcher-1.10.2.jar:1.10.2]
	at org.junit.platform.launcher.core.EngineExecutionOrchestrator.withInterceptedStreams(EngineExecutionOrchestrator.java:141) ~[junit-platform-launcher-1.10.2.jar:1.10.2]
	at org.junit.platform.launcher.core.EngineExecutionOrchestrator.execute(EngineExecutionOrchestrator.java:57) ~[junit-platform-launcher-1.10.2.jar:1.10.2]
	at org.junit.platform.launcher.core.DefaultLauncher.execute(DefaultLauncher.java:103) ~[junit-platform-launcher-1.10.2.jar:1.10.2]
	at org.junit.platform.launcher.core.DefaultLauncher.execute(DefaultLauncher.java:85) ~[junit-platform-launcher-1.10.2.jar:1.10.2]
	at org.junit.platform.launcher.core.DelegatingLauncher.execute(DelegatingLauncher.java:47) ~[junit-platform-launcher-1.10.2.jar:1.10.2]
	at org.apache.maven.surefire.junitplatform.LazyLauncher.execute(LazyLauncher.java:56) ~[surefire-junit-platform-3.2.5.jar:3.2.5]
	at org.apache.maven.surefire.junitplatform.JUnitPlatformProvider.execute(JUnitPlatformProvider.java:184) ~[surefire-junit-platform-3.2.5.jar:3.2.5]
	at org.apache.maven.surefire.junitplatform.JUnitPlatformProvider.invokeAllTests(JUnitPlatformProvider.java:148) ~[surefire-junit-platform-3.2.5.jar:3.2.5]
	at org.apache.maven.surefire.junitplatform.JUnitPlatformProvider.invoke(JUnitPlatformProvider.java:122) ~[surefire-junit-platform-3.2.5.jar:3.2.5]
	at org.apache.maven.surefire.booter.ForkedBooter.runSuitesInProcess(ForkedBooter.java:385) ~[surefire-booter-3.2.5.jar:3.2.5]
	at org.apache.maven.surefire.booter.ForkedBooter.execute(ForkedBooter.java:162) ~[surefire-booter-3.2.5.jar:3.2.5]
	at org.apache.maven.surefire.booter.ForkedBooter.run(ForkedBooter.java:507) ~[surefire-booter-3.2.5.jar:3.2.5]
	at org.apache.maven.surefire.booter.ForkedBooter.main(ForkedBooter.java:495) ~[surefire-booter-3.2.5.jar:3.2.5]

2024-07-22T14:45:48.283+02:00  WARN 121248 --- [CommunistDate] [           main] JpaBaseConfiguration$JpaWebConfiguration : spring.jpa.open-in-view is enabled by default. Therefore, database queries may be performed during view rendering. Explicitly configure spring.jpa.open-in-view to disable this warning
2024-07-22T14:45:48.310+02:00  WARN 121248 --- [CommunistDate] [           main] r$InitializeUserDetailsManagerConfigurer : Found 2 UserDetailsService beans, with names [customUserDetailsService, userService]. Global Authentication Manager will not use a UserDetailsService for username/password login. Consider publishing a single UserDetailsService bean.
2024-07-22T14:45:48.618+02:00 DEBUG 121248 --- [CommunistDate] [           main] o.s.w.s.s.s.WebSocketHandlerMapping      : Patterns [/chat-socket] in 'stompWebSocketHandlerMapping'
2024-07-22T14:45:48.715+02:00 DEBUG 121248 --- [CommunistDate] [           main] s.w.s.m.m.a.RequestMappingHandlerMapping : 26 mappings in 'requestMappingHandlerMapping'
2024-07-22T14:45:48.875+02:00  INFO 121248 --- [CommunistDate] [           main] o.s.s.web.DefaultSecurityFilterChain     : Will secure any request with [org.springframework.security.web.session.DisableEncodeUrlFilter@31854086, org.springframework.security.web.context.request.async.WebAsyncManagerIntegrationFilter@7b7bfa82, org.springframework.security.web.context.SecurityContextHolderFilter@31f151ff, org.springframework.security.web.header.HeaderWriterFilter@25c4d2a0, org.springframework.web.filter.CorsFilter@39081953, org.springframework.security.web.authentication.logout.LogoutFilter@492e988c, org.springframework.security.oauth2.server.resource.web.authentication.BearerTokenAuthenticationFilter@109a5573, org.springframework.security.web.savedrequest.RequestCacheAwareFilter@6b7a96e1, org.springframework.security.web.servletapi.SecurityContextHolderAwareRequestFilter@4184bced, org.springframework.security.web.authentication.AnonymousAuthenticationFilter@4dc34411, org.springframework.security.web.session.SessionManagementFilter@51edc97d, org.springframework.security.web.access.ExceptionTranslationFilter@5af410a1, org.springframework.security.web.access.intercept.AuthorizationFilter@763a46fe]
2024-07-22T14:45:48.950+02:00 DEBUG 121248 --- [CommunistDate] [           main] .h.v.m.ResourceBundleMessageInterpolator : Loaded expression factory via original TCCL
2024-07-22T14:45:48.951+02:00 DEBUG 121248 --- [CommunistDate] [           main] o.h.v.i.e.AbstractConfigurationImpl      : Setting custom MessageInterpolator of type org.springframework.validation.beanvalidation.LocaleContextMessageInterpolator
2024-07-22T14:45:48.952+02:00 DEBUG 121248 --- [CommunistDate] [           main] o.h.v.i.e.AbstractConfigurationImpl      : Setting custom ConstraintValidatorFactory of type org.springframework.validation.beanvalidation.SpringConstraintValidatorFactory
2024-07-22T14:45:48.953+02:00 DEBUG 121248 --- [CommunistDate] [           main] o.h.v.i.xml.config.ValidationXmlParser   : Trying to load META-INF/validation.xml for XML based Validator configuration.
2024-07-22T14:45:48.953+02:00 DEBUG 121248 --- [CommunistDate] [           main] o.h.v.i.xml.config.ResourceLoaderHelper  : Trying to load META-INF/validation.xml via user class loader
2024-07-22T14:45:48.954+02:00 DEBUG 121248 --- [CommunistDate] [           main] o.h.v.i.xml.config.ResourceLoaderHelper  : Trying to load META-INF/validation.xml via TCCL
2024-07-22T14:45:48.954+02:00 DEBUG 121248 --- [CommunistDate] [           main] o.h.v.i.xml.config.ResourceLoaderHelper  : Trying to load META-INF/validation.xml via Hibernate Validator's class loader
2024-07-22T14:45:48.954+02:00 DEBUG 121248 --- [CommunistDate] [           main] o.h.v.i.xml.config.ValidationXmlParser   : No META-INF/validation.xml found. Using annotation based configuration only.
2024-07-22T14:45:48.954+02:00 DEBUG 121248 --- [CommunistDate] [           main] o.h.v.i.e.resolver.TraversableResolvers  : Found jakarta.persistence.Persistence on classpath containing 'getPersistenceUtil'. Assuming JPA 2 environment. Trying to instantiate JPA aware TraversableResolver
2024-07-22T14:45:48.954+02:00 DEBUG 121248 --- [CommunistDate] [           main] o.h.v.i.e.resolver.TraversableResolvers  : Instantiated JPA aware TraversableResolver of type org.hibernate.validator.internal.engine.resolver.JPATraversableResolver.
2024-07-22T14:45:48.956+02:00 DEBUG 121248 --- [CommunistDate] [           main] .i.e.ValidatorFactoryConfigurationHelper : HV000252: Using org.hibernate.validator.internal.engine.DefaultPropertyNodeNameProvider as property node name provider.
2024-07-22T14:45:48.956+02:00 DEBUG 121248 --- [CommunistDate] [           main] .i.e.ValidatorFactoryConfigurationHelper : HV000234: Using org.springframework.validation.beanvalidation.LocaleContextMessageInterpolator as ValidatorFactory-scoped message interpolator.
2024-07-22T14:45:48.957+02:00 DEBUG 121248 --- [CommunistDate] [           main] .i.e.ValidatorFactoryConfigurationHelper : HV000234: Using org.hibernate.validator.internal.engine.resolver.JPATraversableResolver as ValidatorFactory-scoped traversable resolver.
2024-07-22T14:45:48.957+02:00 DEBUG 121248 --- [CommunistDate] [           main] .i.e.ValidatorFactoryConfigurationHelper : HV000234: Using org.hibernate.validator.internal.util.ExecutableParameterNameProvider as ValidatorFactory-scoped parameter name provider.
2024-07-22T14:45:48.957+02:00 DEBUG 121248 --- [CommunistDate] [           main] .i.e.ValidatorFactoryConfigurationHelper : HV000234: Using org.hibernate.validator.internal.engine.DefaultClockProvider as ValidatorFactory-scoped clock provider.
2024-07-22T14:45:48.957+02:00 DEBUG 121248 --- [CommunistDate] [           main] .i.e.ValidatorFactoryConfigurationHelper : HV000234: Using org.hibernate.validator.internal.engine.scripting.DefaultScriptEvaluatorFactory as ValidatorFactory-scoped script evaluator factory.
2024-07-22T14:45:48.988+02:00 DEBUG 121248 --- [CommunistDate] [           main] .WebSocketAnnotationMethodMessageHandler : 
	c.e.C.C.ChatController:
	
2024-07-22T14:45:48.989+02:00 DEBUG 121248 --- [CommunistDate] [           main] .WebSocketAnnotationMethodMessageHandler : 
	c.e.C.L.LikeController:
	
2024-07-22T14:45:48.990+02:00 DEBUG 121248 --- [CommunistDate] [           main] .WebSocketAnnotationMethodMessageHandler : 
	c.e.C.P.PostController:
	
2024-07-22T14:45:48.990+02:00 DEBUG 121248 --- [CommunistDate] [           main] .WebSocketAnnotationMethodMessageHandler : 
	c.e.C.U.UserController:
	
2024-07-22T14:45:48.994+02:00 DEBUG 121248 --- [CommunistDate] [           main] .WebSocketAnnotationMethodMessageHandler : 
	c.e.C.W.WebSocketController:
	{[MESSAGE],[/test]}: greeting(String)
2024-07-22T14:45:48.995+02:00 DEBUG 121248 --- [CommunistDate] [           main] .WebSocketAnnotationMethodMessageHandler : 
	o.s.b.a.w.s.e.BasicErrorController:
	
2024-07-22T14:45:49.048+02:00 DEBUG 121248 --- [CommunistDate] [           main] s.w.s.m.m.a.RequestMappingHandlerAdapter : ControllerAdvice beans: 0 @ModelAttribute, 0 @InitBinder, 1 RequestBodyAdvice, 1 ResponseBodyAdvice
2024-07-22T14:45:49.097+02:00 DEBUG 121248 --- [CommunistDate] [           main] .m.m.a.ExceptionHandlerExceptionResolver : ControllerAdvice beans: 1 @ExceptionHandler, 1 ResponseBodyAdvice
2024-07-22T14:45:49.269+02:00 DEBUG 121248 --- [CommunistDate] [           main] .h.v.m.ResourceBundleMessageInterpolator : Loaded expression factory via original TCCL
2024-07-22T14:45:49.270+02:00 DEBUG 121248 --- [CommunistDate] [           main] o.h.v.i.e.AbstractConfigurationImpl      : Setting custom MessageInterpolator of type org.springframework.validation.beanvalidation.LocaleContextMessageInterpolator
2024-07-22T14:45:49.270+02:00 DEBUG 121248 --- [CommunistDate] [           main] o.h.v.i.e.AbstractConfigurationImpl      : Setting custom ConstraintValidatorFactory of type org.springframework.validation.beanvalidation.SpringConstraintValidatorFactory
2024-07-22T14:45:49.271+02:00 DEBUG 121248 --- [CommunistDate] [           main] o.h.v.i.xml.config.ValidationXmlParser   : Trying to load META-INF/validation.xml for XML based Validator configuration.
2024-07-22T14:45:49.271+02:00 DEBUG 121248 --- [CommunistDate] [           main] o.h.v.i.xml.config.ResourceLoaderHelper  : Trying to load META-INF/validation.xml via user class loader
2024-07-22T14:45:49.272+02:00 DEBUG 121248 --- [CommunistDate] [           main] o.h.v.i.xml.config.ResourceLoaderHelper  : Trying to load META-INF/validation.xml via TCCL
2024-07-22T14:45:49.272+02:00 DEBUG 121248 --- [CommunistDate] [           main] o.h.v.i.xml.config.ResourceLoaderHelper  : Trying to load META-INF/validation.xml via Hibernate Validator's class loader
2024-07-22T14:45:49.272+02:00 DEBUG 121248 --- [CommunistDate] [           main] o.h.v.i.xml.config.ValidationXmlParser   : No META-INF/validation.xml found. Using annotation based configuration only.
2024-07-22T14:45:49.272+02:00 DEBUG 121248 --- [CommunistDate] [           main] o.h.v.i.e.resolver.TraversableResolvers  : Found jakarta.persistence.Persistence on classpath containing 'getPersistenceUtil'. Assuming JPA 2 environment. Trying to instantiate JPA aware TraversableResolver
2024-07-22T14:45:49.272+02:00 DEBUG 121248 --- [CommunistDate] [           main] o.h.v.i.e.resolver.TraversableResolvers  : Instantiated JPA aware TraversableResolver of type org.hibernate.validator.internal.engine.resolver.JPATraversableResolver.
2024-07-22T14:45:49.273+02:00 DEBUG 121248 --- [CommunistDate] [           main] .i.e.ValidatorFactoryConfigurationHelper : HV000252: Using org.hibernate.validator.internal.engine.DefaultPropertyNodeNameProvider as property node name provider.
2024-07-22T14:45:49.274+02:00 DEBUG 121248 --- [CommunistDate] [           main] .i.e.ValidatorFactoryConfigurationHelper : HV000234: Using org.springframework.validation.beanvalidation.LocaleContextMessageInterpolator as ValidatorFactory-scoped message interpolator.
2024-07-22T14:45:49.274+02:00 DEBUG 121248 --- [CommunistDate] [           main] .i.e.ValidatorFactoryConfigurationHelper : HV000234: Using org.hibernate.validator.internal.engine.resolver.JPATraversableResolver as ValidatorFactory-scoped traversable resolver.
2024-07-22T14:45:49.274+02:00 DEBUG 121248 --- [CommunistDate] [           main] .i.e.ValidatorFactoryConfigurationHelper : HV000234: Using org.hibernate.validator.internal.util.ExecutableParameterNameProvider as ValidatorFactory-scoped parameter name provider.
2024-07-22T14:45:49.274+02:00 DEBUG 121248 --- [CommunistDate] [           main] .i.e.ValidatorFactoryConfigurationHelper : HV000234: Using org.hibernate.validator.internal.engine.DefaultClockProvider as ValidatorFactory-scoped clock provider.
2024-07-22T14:45:49.274+02:00 DEBUG 121248 --- [CommunistDate] [           main] .i.e.ValidatorFactoryConfigurationHelper : HV000234: Using org.hibernate.validator.internal.engine.scripting.DefaultScriptEvaluatorFactory as ValidatorFactory-scoped script evaluator factory.
2024-07-22T14:45:49.431+02:00 DEBUG 121248 --- [CommunistDate] [           main] org.springframework.web.SimpLogging      : clientOutboundChannel added SubProtocolWebSocketHandler[StompSubProtocolHandler[v10.stomp, v11.stomp, v12.stomp]]
2024-07-22T14:45:49.431+02:00 DEBUG 121248 --- [CommunistDate] [           main] org.springframework.web.SimpLogging      : clientInboundChannel added WebSocketAnnotationMethodMessageHandler[prefixes=[/app/]]
2024-07-22T14:45:49.432+02:00  INFO 121248 --- [CommunistDate] [           main] o.s.m.s.b.SimpleBrokerMessageHandler     : Starting...
2024-07-22T14:45:49.432+02:00 DEBUG 121248 --- [CommunistDate] [           main] org.springframework.web.SimpLogging      : clientInboundChannel added SimpleBrokerMessageHandler [org.springframework.messaging.simp.broker.DefaultSubscriptionRegistry@152705d0]
2024-07-22T14:45:49.432+02:00 DEBUG 121248 --- [CommunistDate] [           main] org.springframework.web.SimpLogging      : brokerChannel added SimpleBrokerMessageHandler [org.springframework.messaging.simp.broker.DefaultSubscriptionRegistry@152705d0]
2024-07-22T14:45:49.433+02:00  INFO 121248 --- [CommunistDate] [           main] o.s.m.s.b.SimpleBrokerMessageHandler     : BrokerAvailabilityEvent[available=true, SimpleBrokerMessageHandler [org.springframework.messaging.simp.broker.DefaultSubscriptionRegistry@152705d0]]
2024-07-22T14:45:49.435+02:00  INFO 121248 --- [CommunistDate] [           main] o.s.m.s.b.SimpleBrokerMessageHandler     : Started.
2024-07-22T14:45:49.435+02:00 DEBUG 121248 --- [CommunistDate] [           main] org.springframework.web.SimpLogging      : clientInboundChannel added UserDestinationMessageHandler[DefaultUserDestinationResolver[prefix=/user/]]
2024-07-22T14:45:49.435+02:00 DEBUG 121248 --- [CommunistDate] [           main] org.springframework.web.SimpLogging      : brokerChannel added UserDestinationMessageHandler[DefaultUserDestinationResolver[prefix=/user/]]
2024-07-22T14:45:49.446+02:00  INFO 121248 --- [CommunistDate] [           main] c.e.C.CommunistDateApplicationTests      : Started CommunistDateApplicationTests in 9.66 seconds (process running for 11.082)
]]></system-out>
    <system-err><![CDATA[WARNING: A Java agent has been loaded dynamically (/home/litmanen/.m2/repository/net/bytebuddy/byte-buddy-agent/1.14.16/byte-buddy-agent-1.14.16.jar)
WARNING: If a serviceability tool is in use, please run with -XX:+EnableDynamicAgentLoading to hide this warning
WARNING: If a serviceability tool is not in use, please run with -Djdk.instrument.traceUsage for more information
WARNING: Dynamic loading of agents will be disallowed by default in a future release
]]></system-err>
  </testcase>
</testsuite>